2025-11-25T01:00:02.777-03:00  INFO 17780 --- [servicio-agregador] [main] _.s.ServicioAgregadorApplication         : Starting ServicioAgregadorApplication using Java 17.0.10 with PID 17780 (D:\Facultad\Cuarto año\DDS\2025-tpa-mi-no-grupo-22\servicio-agregador\target\classes started by lucia in D:\Facultad\Cuarto año\DDS\2025-tpa-mi-no-grupo-22)
2025-11-25T01:00:02.780-03:00  INFO 17780 --- [servicio-agregador] [main] _.s.ServicioAgregadorApplication         : No active profile set, falling back to 1 default profile: "default"
2025-11-25T01:00:03.696-03:00  INFO 17780 --- [servicio-agregador] [main] .s.d.r.c.RepositoryConfigurationDelegate : Bootstrapping Spring Data JPA repositories in DEFAULT mode.
2025-11-25T01:00:03.867-03:00  INFO 17780 --- [servicio-agregador] [main] .s.d.r.c.RepositoryConfigurationDelegate : Finished Spring Data repository scanning in 161 ms. Found 9 JPA repository interfaces.
2025-11-25T01:00:04.311-03:00  INFO 17780 --- [servicio-agregador] [main] o.s.b.w.embedded.tomcat.TomcatWebServer  : Tomcat initialized with port 8081 (http)
2025-11-25T01:00:04.321-03:00  INFO 17780 --- [servicio-agregador] [main] o.apache.catalina.core.StandardService   : Starting service [Tomcat]
2025-11-25T01:00:04.322-03:00  INFO 17780 --- [servicio-agregador] [main] o.apache.catalina.core.StandardEngine    : Starting Servlet engine: [Apache Tomcat/10.1.41]
2025-11-25T01:00:04.375-03:00  INFO 17780 --- [servicio-agregador] [main] o.a.c.c.C.[Tomcat].[localhost].[/]       : Initializing Spring embedded WebApplicationContext
2025-11-25T01:00:04.375-03:00  INFO 17780 --- [servicio-agregador] [main] w.s.c.ServletWebServerApplicationContext : Root WebApplicationContext: initialization completed in 1548 ms
2025-11-25T01:00:04.632-03:00  INFO 17780 --- [servicio-agregador] [main] o.hibernate.jpa.internal.util.LogHelper  : HHH000204: Processing PersistenceUnitInfo [name: default]
2025-11-25T01:00:04.680-03:00  INFO 17780 --- [servicio-agregador] [main] org.hibernate.Version                    : HHH000412: Hibernate ORM core version 6.6.15.Final
2025-11-25T01:00:04.710-03:00  INFO 17780 --- [servicio-agregador] [main] o.h.c.internal.RegionFactoryInitiator    : HHH000026: Second-level cache disabled
2025-11-25T01:00:04.960-03:00  INFO 17780 --- [servicio-agregador] [main] o.s.o.j.p.SpringPersistenceUnitInfo      : No LoadTimeWeaver setup: ignoring JPA class transformer
2025-11-25T01:00:04.987-03:00  INFO 17780 --- [servicio-agregador] [main] com.zaxxer.hikari.HikariDataSource       : HikariPool-1 - Starting...
2025-11-25T01:00:06.066-03:00  WARN 17780 --- [servicio-agregador] [main] o.h.engine.jdbc.spi.SqlExceptionHelper   : SQL Error: 0, SQLState: 08S01
2025-11-25T01:00:06.067-03:00 ERROR 17780 --- [servicio-agregador] [main] o.h.engine.jdbc.spi.SqlExceptionHelper   : Communications link failure

The last packet sent successfully to the server was 0 milliseconds ago. The driver has not received any packets from the server.
2025-11-25T01:00:06.067-03:00  WARN 17780 --- [servicio-agregador] [main] o.h.e.j.e.i.JdbcEnvironmentInitiator     : HHH000342: Could not obtain connection to query metadata

org.hibernate.exception.JDBCConnectionException: unable to obtain isolated JDBC connection [Communications link failure

The last packet sent successfully to the server was 0 milliseconds ago. The driver has not received any packets from the server.] [n/a]
	at org.hibernate.exception.internal.SQLStateConversionDelegate.convert(SQLStateConversionDelegate.java:100) ~[hibernate-core-6.6.15.Final.jar:6.6.15.Final]
	at org.hibernate.exception.internal.StandardSQLExceptionConverter.convert(StandardSQLExceptionConverter.java:58) ~[hibernate-core-6.6.15.Final.jar:6.6.15.Final]
	at org.hibernate.engine.jdbc.spi.SqlExceptionHelper.convert(SqlExceptionHelper.java:108) ~[hibernate-core-6.6.15.Final.jar:6.6.15.Final]
	at org.hibernate.engine.jdbc.spi.SqlExceptionHelper.convert(SqlExceptionHelper.java:94) ~[hibernate-core-6.6.15.Final.jar:6.6.15.Final]
	at org.hibernate.resource.transaction.backend.jdbc.internal.JdbcIsolationDelegate.delegateWork(JdbcIsolationDelegate.java:116) ~[hibernate-core-6.6.15.Final.jar:6.6.15.Final]
	at org.hibernate.engine.jdbc.env.internal.JdbcEnvironmentInitiator.getJdbcEnvironmentUsingJdbcMetadata(JdbcEnvironmentInitiator.java:336) ~[hibernate-core-6.6.15.Final.jar:6.6.15.Final]
	at org.hibernate.engine.jdbc.env.internal.JdbcEnvironmentInitiator.initiateService(JdbcEnvironmentInitiator.java:129) ~[hibernate-core-6.6.15.Final.jar:6.6.15.Final]
	at org.hibernate.engine.jdbc.env.internal.JdbcEnvironmentInitiator.initiateService(JdbcEnvironmentInitiator.java:81) ~[hibernate-core-6.6.15.Final.jar:6.6.15.Final]
	at org.hibernate.boot.registry.internal.StandardServiceRegistryImpl.initiateService(StandardServiceRegistryImpl.java:130) ~[hibernate-core-6.6.15.Final.jar:6.6.15.Final]
	at org.hibernate.service.internal.AbstractServiceRegistryImpl.createService(AbstractServiceRegistryImpl.java:263) ~[hibernate-core-6.6.15.Final.jar:6.6.15.Final]
	at org.hibernate.service.internal.AbstractServiceRegistryImpl.initializeService(AbstractServiceRegistryImpl.java:238) ~[hibernate-core-6.6.15.Final.jar:6.6.15.Final]
	at org.hibernate.service.internal.AbstractServiceRegistryImpl.getService(AbstractServiceRegistryImpl.java:215) ~[hibernate-core-6.6.15.Final.jar:6.6.15.Final]
	at org.hibernate.boot.model.relational.Database.<init>(Database.java:45) ~[hibernate-core-6.6.15.Final.jar:6.6.15.Final]
	at org.hibernate.boot.internal.InFlightMetadataCollectorImpl.getDatabase(InFlightMetadataCollectorImpl.java:226) ~[hibernate-core-6.6.15.Final.jar:6.6.15.Final]
	at org.hibernate.boot.internal.InFlightMetadataCollectorImpl.<init>(InFlightMetadataCollectorImpl.java:194) ~[hibernate-core-6.6.15.Final.jar:6.6.15.Final]
	at org.hibernate.boot.model.process.spi.MetadataBuildingProcess.complete(MetadataBuildingProcess.java:171) ~[hibernate-core-6.6.15.Final.jar:6.6.15.Final]
	at org.hibernate.jpa.boot.internal.EntityManagerFactoryBuilderImpl.metadata(EntityManagerFactoryBuilderImpl.java:1442) ~[hibernate-core-6.6.15.Final.jar:6.6.15.Final]
	at org.hibernate.jpa.boot.internal.EntityManagerFactoryBuilderImpl.build(EntityManagerFactoryBuilderImpl.java:1513) ~[hibernate-core-6.6.15.Final.jar:6.6.15.Final]
	at org.springframework.orm.jpa.vendor.SpringHibernateJpaPersistenceProvider.createContainerEntityManagerFactory(SpringHibernateJpaPersistenceProvider.java:66) ~[spring-orm-6.2.7.jar:6.2.7]
	at org.springframework.orm.jpa.LocalContainerEntityManagerFactoryBean.createNativeEntityManagerFactory(LocalContainerEntityManagerFactoryBean.java:390) ~[spring-orm-6.2.7.jar:6.2.7]
	at org.springframework.orm.jpa.AbstractEntityManagerFactoryBean.buildNativeEntityManagerFactory(AbstractEntityManagerFactoryBean.java:419) ~[spring-orm-6.2.7.jar:6.2.7]
	at org.springframework.orm.jpa.AbstractEntityManagerFactoryBean.afterPropertiesSet(AbstractEntityManagerFactoryBean.java:400) ~[spring-orm-6.2.7.jar:6.2.7]
	at org.springframework.orm.jpa.LocalContainerEntityManagerFactoryBean.afterPropertiesSet(LocalContainerEntityManagerFactoryBean.java:366) ~[spring-orm-6.2.7.jar:6.2.7]
	at org.springframework.beans.factory.support.AbstractAutowireCapableBeanFactory.invokeInitMethods(AbstractAutowireCapableBeanFactory.java:1873) ~[spring-beans-6.2.7.jar:6.2.7]
	at org.springframework.beans.factory.support.AbstractAutowireCapableBeanFactory.initializeBean(AbstractAutowireCapableBeanFactory.java:1822) ~[spring-beans-6.2.7.jar:6.2.7]
	at org.springframework.beans.factory.support.AbstractAutowireCapableBeanFactory.doCreateBean(AbstractAutowireCapableBeanFactory.java:607) ~[spring-beans-6.2.7.jar:6.2.7]
	at org.springframework.beans.factory.support.AbstractAutowireCapableBeanFactory.createBean(AbstractAutowireCapableBeanFactory.java:529) ~[spring-beans-6.2.7.jar:6.2.7]
	at org.springframework.beans.factory.support.AbstractBeanFactory.lambda$doGetBean$0(AbstractBeanFactory.java:339) ~[spring-beans-6.2.7.jar:6.2.7]
	at org.springframework.beans.factory.support.DefaultSingletonBeanRegistry.getSingleton(DefaultSingletonBeanRegistry.java:373) ~[spring-beans-6.2.7.jar:6.2.7]
	at org.springframework.beans.factory.support.AbstractBeanFactory.doGetBean(AbstractBeanFactory.java:337) ~[spring-beans-6.2.7.jar:6.2.7]
	at org.springframework.beans.factory.support.AbstractBeanFactory.getBean(AbstractBeanFactory.java:207) ~[spring-beans-6.2.7.jar:6.2.7]
	at org.springframework.context.support.AbstractApplicationContext.finishBeanFactoryInitialization(AbstractApplicationContext.java:970) ~[spring-context-6.2.7.jar:6.2.7]
	at org.springframework.context.support.AbstractApplicationContext.refresh(AbstractApplicationContext.java:627) ~[spring-context-6.2.7.jar:6.2.7]
	at org.springframework.boot.web.servlet.context.ServletWebServerApplicationContext.refresh(ServletWebServerApplicationContext.java:146) ~[spring-boot-3.5.0.jar:3.5.0]
	at org.springframework.boot.SpringApplication.refresh(SpringApplication.java:753) ~[spring-boot-3.5.0.jar:3.5.0]
	at org.springframework.boot.SpringApplication.refreshContext(SpringApplication.java:439) ~[spring-boot-3.5.0.jar:3.5.0]
	at org.springframework.boot.SpringApplication.run(SpringApplication.java:318) ~[spring-boot-3.5.0.jar:3.5.0]
	at org.springframework.boot.SpringApplication.run(SpringApplication.java:1362) ~[spring-boot-3.5.0.jar:3.5.0]
	at org.springframework.boot.SpringApplication.run(SpringApplication.java:1351) ~[spring-boot-3.5.0.jar:3.5.0]
	at __tpa_mi_no_grupo_22.servicio_agregador.ServicioAgregadorApplication.main(ServicioAgregadorApplication.java:12) ~[classes/:na]
Caused by: com.mysql.cj.jdbc.exceptions.CommunicationsException: Communications link failure

The last packet sent successfully to the server was 0 milliseconds ago. The driver has not received any packets from the server.
	at com.mysql.cj.jdbc.exceptions.SQLError.createCommunicationsException(SQLError.java:165) ~[mysql-connector-j-9.2.0.jar:9.2.0]
	at com.mysql.cj.jdbc.exceptions.SQLExceptionsMapping.translateException(SQLExceptionsMapping.java:55) ~[mysql-connector-j-9.2.0.jar:9.2.0]
	at com.mysql.cj.jdbc.ConnectionImpl.createNewIO(ConnectionImpl.java:837) ~[mysql-connector-j-9.2.0.jar:9.2.0]
	at com.mysql.cj.jdbc.ConnectionImpl.<init>(ConnectionImpl.java:420) ~[mysql-connector-j-9.2.0.jar:9.2.0]
	at com.mysql.cj.jdbc.ConnectionImpl.getInstance(ConnectionImpl.java:238) ~[mysql-connector-j-9.2.0.jar:9.2.0]
	at com.mysql.cj.jdbc.NonRegisteringDriver.connect(NonRegisteringDriver.java:180) ~[mysql-connector-j-9.2.0.jar:9.2.0]
	at com.zaxxer.hikari.util.DriverDataSource.getConnection(DriverDataSource.java:139) ~[HikariCP-6.3.0.jar:na]
	at com.zaxxer.hikari.pool.PoolBase.newConnection(PoolBase.java:368) ~[HikariCP-6.3.0.jar:na]
	at com.zaxxer.hikari.pool.PoolBase.newPoolEntry(PoolBase.java:205) ~[HikariCP-6.3.0.jar:na]
	at com.zaxxer.hikari.pool.HikariPool.createPoolEntry(HikariPool.java:483) ~[HikariCP-6.3.0.jar:na]
	at com.zaxxer.hikari.pool.HikariPool.checkFailFast(HikariPool.java:571) ~[HikariCP-6.3.0.jar:na]
	at com.zaxxer.hikari.pool.HikariPool.<init>(HikariPool.java:101) ~[HikariCP-6.3.0.jar:na]
	at com.zaxxer.hikari.HikariDataSource.getConnection(HikariDataSource.java:111) ~[HikariCP-6.3.0.jar:na]
	at org.hibernate.engine.jdbc.connections.internal.DatasourceConnectionProviderImpl.getConnection(DatasourceConnectionProviderImpl.java:126) ~[hibernate-core-6.6.15.Final.jar:6.6.15.Final]
	at org.hibernate.engine.jdbc.env.internal.JdbcEnvironmentInitiator$ConnectionProviderJdbcConnectionAccess.obtainConnection(JdbcEnvironmentInitiator.java:483) ~[hibernate-core-6.6.15.Final.jar:6.6.15.Final]
	at org.hibernate.resource.transaction.backend.jdbc.internal.JdbcIsolationDelegate.delegateWork(JdbcIsolationDelegate.java:61) ~[hibernate-core-6.6.15.Final.jar:6.6.15.Final]
	... 35 common frames omitted
Caused by: com.mysql.cj.exceptions.CJCommunicationsException: Communications link failure

The last packet sent successfully to the server was 0 milliseconds ago. The driver has not received any packets from the server.
	at java.base/jdk.internal.reflect.NativeConstructorAccessorImpl.newInstance0(Native Method) ~[na:na]
	at java.base/jdk.internal.reflect.NativeConstructorAccessorImpl.newInstance(NativeConstructorAccessorImpl.java:77) ~[na:na]
	at java.base/jdk.internal.reflect.DelegatingConstructorAccessorImpl.newInstance(DelegatingConstructorAccessorImpl.java:45) ~[na:na]
	at java.base/java.lang.reflect.Constructor.newInstanceWithCaller(Constructor.java:499) ~[na:na]
	at java.base/java.lang.reflect.Constructor.newInstance(Constructor.java:480) ~[na:na]
	at com.mysql.cj.exceptions.ExceptionFactory.createException(ExceptionFactory.java:52) ~[mysql-connector-j-9.2.0.jar:9.2.0]
	at com.mysql.cj.exceptions.ExceptionFactory.createException(ExceptionFactory.java:95) ~[mysql-connector-j-9.2.0.jar:9.2.0]
	at com.mysql.cj.exceptions.ExceptionFactory.createException(ExceptionFactory.java:140) ~[mysql-connector-j-9.2.0.jar:9.2.0]
	at com.mysql.cj.exceptions.ExceptionFactory.createCommunicationsException(ExceptionFactory.java:156) ~[mysql-connector-j-9.2.0.jar:9.2.0]
	at com.mysql.cj.protocol.a.NativeSocketConnection.connect(NativeSocketConnection.java:79) ~[mysql-connector-j-9.2.0.jar:9.2.0]
	at com.mysql.cj.NativeSession.connect(NativeSession.java:142) ~[mysql-connector-j-9.2.0.jar:9.2.0]
	at com.mysql.cj.jdbc.ConnectionImpl.connectOneTryOnly(ConnectionImpl.java:961) ~[mysql-connector-j-9.2.0.jar:9.2.0]
	at com.mysql.cj.jdbc.ConnectionImpl.createNewIO(ConnectionImpl.java:825) ~[mysql-connector-j-9.2.0.jar:9.2.0]
	... 48 common frames omitted
Caused by: java.net.ConnectException: Connection refused: no further information
	at java.base/sun.nio.ch.Net.pollConnect(Native Method) ~[na:na]
	at java.base/sun.nio.ch.Net.pollConnectNow(Net.java:672) ~[na:na]
	at java.base/sun.nio.ch.NioSocketImpl.timedFinishConnect(NioSocketImpl.java:547) ~[na:na]
	at java.base/sun.nio.ch.NioSocketImpl.connect(NioSocketImpl.java:602) ~[na:na]
	at java.base/java.net.SocksSocketImpl.connect(SocksSocketImpl.java:327) ~[na:na]
	at java.base/java.net.Socket.connect(Socket.java:633) ~[na:na]
	at com.mysql.cj.protocol.StandardSocketFactory.connect(StandardSocketFactory.java:144) ~[mysql-connector-j-9.2.0.jar:9.2.0]
	at com.mysql.cj.protocol.a.NativeSocketConnection.connect(NativeSocketConnection.java:53) ~[mysql-connector-j-9.2.0.jar:9.2.0]
	... 51 common frames omitted

2025-11-25T01:00:06.081-03:00  WARN 17780 --- [servicio-agregador] [main] org.hibernate.orm.deprecation            : HHH90000025: MySQL8Dialect does not need to be specified explicitly using 'hibernate.dialect' (remove the property setting and it will be selected by default)
2025-11-25T01:00:06.082-03:00  WARN 17780 --- [servicio-agregador] [main] org.hibernate.orm.deprecation            : HHH90000026: MySQL8Dialect has been deprecated; use org.hibernate.dialect.MySQLDialect instead
2025-11-25T01:00:06.091-03:00  INFO 17780 --- [servicio-agregador] [main] org.hibernate.orm.connections.pooling    : HHH10001005: Database info:
	Database JDBC URL [Connecting through datasource 'HikariDataSource (null)']
	Database driver: undefined/unknown
	Database version: 8.0
	Autocommit mode: undefined/unknown
	Isolation level: undefined/unknown
	Minimum pool size: undefined/unknown
	Maximum pool size: undefined/unknown
2025-11-25T01:00:06.884-03:00  INFO 17780 --- [servicio-agregador] [main] o.h.e.t.j.p.i.JtaPlatformInitiator       : HHH000489: No JTA platform available (set 'hibernate.transaction.jta.platform' to enable JTA platform integration)
2025-11-25T01:00:06.902-03:00  INFO 17780 --- [servicio-agregador] [main] com.zaxxer.hikari.HikariDataSource       : HikariPool-1 - Starting...
2025-11-25T01:00:07.914-03:00  WARN 17780 --- [servicio-agregador] [main] o.h.engine.jdbc.spi.SqlExceptionHelper   : SQL Error: 0, SQLState: 08S01
2025-11-25T01:00:07.914-03:00 ERROR 17780 --- [servicio-agregador] [main] o.h.engine.jdbc.spi.SqlExceptionHelper   : Communications link failure

The last packet sent successfully to the server was 0 milliseconds ago. The driver has not received any packets from the server.
2025-11-25T01:00:07.918-03:00 ERROR 17780 --- [servicio-agregador] [main] j.LocalContainerEntityManagerFactoryBean : Failed to initialize JPA EntityManagerFactory: [PersistenceUnit: default] Unable to build Hibernate SessionFactory; nested exception is org.hibernate.exception.JDBCConnectionException: Unable to open JDBC Connection for DDL execution [Communications link failure

The last packet sent successfully to the server was 0 milliseconds ago. The driver has not received any packets from the server.] [n/a]
2025-11-25T01:00:07.918-03:00  WARN 17780 --- [servicio-agregador] [main] ConfigServletWebServerApplicationContext : Exception encountered during context initialization - cancelling refresh attempt: org.springframework.beans.factory.BeanCreationException: Error creating bean with name 'entityManagerFactory' defined in class path resource [org/springframework/boot/autoconfigure/orm/jpa/HibernateJpaConfiguration.class]: [PersistenceUnit: default] Unable to build Hibernate SessionFactory; nested exception is org.hibernate.exception.JDBCConnectionException: Unable to open JDBC Connection for DDL execution [Communications link failure

The last packet sent successfully to the server was 0 milliseconds ago. The driver has not received any packets from the server.] [n/a]
2025-11-25T01:00:07.920-03:00  INFO 17780 --- [servicio-agregador] [main] o.apache.catalina.core.StandardService   : Stopping service [Tomcat]
2025-11-25T01:00:07.932-03:00  INFO 17780 --- [servicio-agregador] [main] .s.b.a.l.ConditionEvaluationReportLogger : 

Error starting ApplicationContext. To display the condition evaluation report re-run your application with 'debug' enabled.
2025-11-25T01:00:07.948-03:00 ERROR 17780 --- [servicio-agregador] [main] o.s.boot.SpringApplication               : Application run failed

org.springframework.beans.factory.BeanCreationException: Error creating bean with name 'entityManagerFactory' defined in class path resource [org/springframework/boot/autoconfigure/orm/jpa/HibernateJpaConfiguration.class]: [PersistenceUnit: default] Unable to build Hibernate SessionFactory; nested exception is org.hibernate.exception.JDBCConnectionException: Unable to open JDBC Connection for DDL execution [Communications link failure

The last packet sent successfully to the server was 0 milliseconds ago. The driver has not received any packets from the server.] [n/a]
	at org.springframework.beans.factory.support.AbstractAutowireCapableBeanFactory.initializeBean(AbstractAutowireCapableBeanFactory.java:1826) ~[spring-beans-6.2.7.jar:6.2.7]
	at org.springframework.beans.factory.support.AbstractAutowireCapableBeanFactory.doCreateBean(AbstractAutowireCapableBeanFactory.java:607) ~[spring-beans-6.2.7.jar:6.2.7]
	at org.springframework.beans.factory.support.AbstractAutowireCapableBeanFactory.createBean(AbstractAutowireCapableBeanFactory.java:529) ~[spring-beans-6.2.7.jar:6.2.7]
	at org.springframework.beans.factory.support.AbstractBeanFactory.lambda$doGetBean$0(AbstractBeanFactory.java:339) ~[spring-beans-6.2.7.jar:6.2.7]
	at org.springframework.beans.factory.support.DefaultSingletonBeanRegistry.getSingleton(DefaultSingletonBeanRegistry.java:373) ~[spring-beans-6.2.7.jar:6.2.7]
	at org.springframework.beans.factory.support.AbstractBeanFactory.doGetBean(AbstractBeanFactory.java:337) ~[spring-beans-6.2.7.jar:6.2.7]
	at org.springframework.beans.factory.support.AbstractBeanFactory.getBean(AbstractBeanFactory.java:207) ~[spring-beans-6.2.7.jar:6.2.7]
	at org.springframework.context.support.AbstractApplicationContext.finishBeanFactoryInitialization(AbstractApplicationContext.java:970) ~[spring-context-6.2.7.jar:6.2.7]
	at org.springframework.context.support.AbstractApplicationContext.refresh(AbstractApplicationContext.java:627) ~[spring-context-6.2.7.jar:6.2.7]
	at org.springframework.boot.web.servlet.context.ServletWebServerApplicationContext.refresh(ServletWebServerApplicationContext.java:146) ~[spring-boot-3.5.0.jar:3.5.0]
	at org.springframework.boot.SpringApplication.refresh(SpringApplication.java:753) ~[spring-boot-3.5.0.jar:3.5.0]
	at org.springframework.boot.SpringApplication.refreshContext(SpringApplication.java:439) ~[spring-boot-3.5.0.jar:3.5.0]
	at org.springframework.boot.SpringApplication.run(SpringApplication.java:318) ~[spring-boot-3.5.0.jar:3.5.0]
	at org.springframework.boot.SpringApplication.run(SpringApplication.java:1362) ~[spring-boot-3.5.0.jar:3.5.0]
	at org.springframework.boot.SpringApplication.run(SpringApplication.java:1351) ~[spring-boot-3.5.0.jar:3.5.0]
	at __tpa_mi_no_grupo_22.servicio_agregador.ServicioAgregadorApplication.main(ServicioAgregadorApplication.java:12) ~[classes/:na]
Caused by: jakarta.persistence.PersistenceException: [PersistenceUnit: default] Unable to build Hibernate SessionFactory; nested exception is org.hibernate.exception.JDBCConnectionException: Unable to open JDBC Connection for DDL execution [Communications link failure

The last packet sent successfully to the server was 0 milliseconds ago. The driver has not received any packets from the server.] [n/a]
	at org.springframework.orm.jpa.AbstractEntityManagerFactoryBean.buildNativeEntityManagerFactory(AbstractEntityManagerFactoryBean.java:431) ~[spring-orm-6.2.7.jar:6.2.7]
	at org.springframework.orm.jpa.AbstractEntityManagerFactoryBean.afterPropertiesSet(AbstractEntityManagerFactoryBean.java:400) ~[spring-orm-6.2.7.jar:6.2.7]
	at org.springframework.orm.jpa.LocalContainerEntityManagerFactoryBean.afterPropertiesSet(LocalContainerEntityManagerFactoryBean.java:366) ~[spring-orm-6.2.7.jar:6.2.7]
	at org.springframework.beans.factory.support.AbstractAutowireCapableBeanFactory.invokeInitMethods(AbstractAutowireCapableBeanFactory.java:1873) ~[spring-beans-6.2.7.jar:6.2.7]
	at org.springframework.beans.factory.support.AbstractAutowireCapableBeanFactory.initializeBean(AbstractAutowireCapableBeanFactory.java:1822) ~[spring-beans-6.2.7.jar:6.2.7]
	... 15 common frames omitted
Caused by: org.hibernate.exception.JDBCConnectionException: Unable to open JDBC Connection for DDL execution [Communications link failure

The last packet sent successfully to the server was 0 milliseconds ago. The driver has not received any packets from the server.] [n/a]
	at org.hibernate.exception.internal.SQLStateConversionDelegate.convert(SQLStateConversionDelegate.java:100) ~[hibernate-core-6.6.15.Final.jar:6.6.15.Final]
	at org.hibernate.exception.internal.StandardSQLExceptionConverter.convert(StandardSQLExceptionConverter.java:58) ~[hibernate-core-6.6.15.Final.jar:6.6.15.Final]
	at org.hibernate.engine.jdbc.spi.SqlExceptionHelper.convert(SqlExceptionHelper.java:108) ~[hibernate-core-6.6.15.Final.jar:6.6.15.Final]
	at org.hibernate.engine.jdbc.spi.SqlExceptionHelper.convert(SqlExceptionHelper.java:94) ~[hibernate-core-6.6.15.Final.jar:6.6.15.Final]
	at org.hibernate.resource.transaction.backend.jdbc.internal.DdlTransactionIsolatorNonJtaImpl.getIsolatedConnection(DdlTransactionIsolatorNonJtaImpl.java:74) ~[hibernate-core-6.6.15.Final.jar:6.6.15.Final]
	at org.hibernate.resource.transaction.backend.jdbc.internal.DdlTransactionIsolatorNonJtaImpl.getIsolatedConnection(DdlTransactionIsolatorNonJtaImpl.java:39) ~[hibernate-core-6.6.15.Final.jar:6.6.15.Final]
	at org.hibernate.tool.schema.internal.exec.ImprovedExtractionContextImpl.getJdbcConnection(ImprovedExtractionContextImpl.java:63) ~[hibernate-core-6.6.15.Final.jar:6.6.15.Final]
	at org.hibernate.tool.schema.internal.exec.ImprovedExtractionContextImpl.getJdbcDatabaseMetaData(ImprovedExtractionContextImpl.java:70) ~[hibernate-core-6.6.15.Final.jar:6.6.15.Final]
	at org.hibernate.tool.schema.extract.internal.InformationExtractorJdbcDatabaseMetaDataImpl.processTableResultSet(InformationExtractorJdbcDatabaseMetaDataImpl.java:65) ~[hibernate-core-6.6.15.Final.jar:6.6.15.Final]
	at org.hibernate.tool.schema.extract.internal.AbstractInformationExtractorImpl.getTables(AbstractInformationExtractorImpl.java:570) ~[hibernate-core-6.6.15.Final.jar:6.6.15.Final]
	at org.hibernate.tool.schema.extract.internal.DatabaseInformationImpl.getTablesInformation(DatabaseInformationImpl.java:122) ~[hibernate-core-6.6.15.Final.jar:6.6.15.Final]
	at org.hibernate.tool.schema.internal.GroupedSchemaMigratorImpl.performTablesMigration(GroupedSchemaMigratorImpl.java:72) ~[hibernate-core-6.6.15.Final.jar:6.6.15.Final]
	at org.hibernate.tool.schema.internal.AbstractSchemaMigrator.performMigration(AbstractSchemaMigrator.java:233) ~[hibernate-core-6.6.15.Final.jar:6.6.15.Final]
	at org.hibernate.tool.schema.internal.AbstractSchemaMigrator.doMigration(AbstractSchemaMigrator.java:112) ~[hibernate-core-6.6.15.Final.jar:6.6.15.Final]
	at org.hibernate.tool.schema.spi.SchemaManagementToolCoordinator.performDatabaseAction(SchemaManagementToolCoordinator.java:280) ~[hibernate-core-6.6.15.Final.jar:6.6.15.Final]
	at org.hibernate.tool.schema.spi.SchemaManagementToolCoordinator.lambda$process$5(SchemaManagementToolCoordinator.java:144) ~[hibernate-core-6.6.15.Final.jar:6.6.15.Final]
	at java.base/java.util.HashMap.forEach(HashMap.java:1421) ~[na:na]
	at org.hibernate.tool.schema.spi.SchemaManagementToolCoordinator.process(SchemaManagementToolCoordinator.java:141) ~[hibernate-core-6.6.15.Final.jar:6.6.15.Final]
	at org.hibernate.boot.internal.SessionFactoryObserverForSchemaExport.sessionFactoryCreated(SessionFactoryObserverForSchemaExport.java:37) ~[hibernate-core-6.6.15.Final.jar:6.6.15.Final]
	at org.hibernate.internal.SessionFactoryObserverChain.sessionFactoryCreated(SessionFactoryObserverChain.java:35) ~[hibernate-core-6.6.15.Final.jar:6.6.15.Final]
	at org.hibernate.internal.SessionFactoryImpl.<init>(SessionFactoryImpl.java:324) ~[hibernate-core-6.6.15.Final.jar:6.6.15.Final]
	at org.hibernate.boot.internal.SessionFactoryBuilderImpl.build(SessionFactoryBuilderImpl.java:463) ~[hibernate-core-6.6.15.Final.jar:6.6.15.Final]
	at org.hibernate.jpa.boot.internal.EntityManagerFactoryBuilderImpl.build(EntityManagerFactoryBuilderImpl.java:1517) ~[hibernate-core-6.6.15.Final.jar:6.6.15.Final]
	at org.springframework.orm.jpa.vendor.SpringHibernateJpaPersistenceProvider.createContainerEntityManagerFactory(SpringHibernateJpaPersistenceProvider.java:66) ~[spring-orm-6.2.7.jar:6.2.7]
	at org.springframework.orm.jpa.LocalContainerEntityManagerFactoryBean.createNativeEntityManagerFactory(LocalContainerEntityManagerFactoryBean.java:390) ~[spring-orm-6.2.7.jar:6.2.7]
	at org.springframework.orm.jpa.AbstractEntityManagerFactoryBean.buildNativeEntityManagerFactory(AbstractEntityManagerFactoryBean.java:419) ~[spring-orm-6.2.7.jar:6.2.7]
	... 19 common frames omitted
Caused by: com.mysql.cj.jdbc.exceptions.CommunicationsException: Communications link failure

The last packet sent successfully to the server was 0 milliseconds ago. The driver has not received any packets from the server.
	at com.mysql.cj.jdbc.exceptions.SQLError.createCommunicationsException(SQLError.java:165) ~[mysql-connector-j-9.2.0.jar:9.2.0]
	at com.mysql.cj.jdbc.exceptions.SQLExceptionsMapping.translateException(SQLExceptionsMapping.java:55) ~[mysql-connector-j-9.2.0.jar:9.2.0]
	at com.mysql.cj.jdbc.ConnectionImpl.createNewIO(ConnectionImpl.java:837) ~[mysql-connector-j-9.2.0.jar:9.2.0]
	at com.mysql.cj.jdbc.ConnectionImpl.<init>(ConnectionImpl.java:420) ~[mysql-connector-j-9.2.0.jar:9.2.0]
	at com.mysql.cj.jdbc.ConnectionImpl.getInstance(ConnectionImpl.java:238) ~[mysql-connector-j-9.2.0.jar:9.2.0]
	at com.mysql.cj.jdbc.NonRegisteringDriver.connect(NonRegisteringDriver.java:180) ~[mysql-connector-j-9.2.0.jar:9.2.0]
	at com.zaxxer.hikari.util.DriverDataSource.getConnection(DriverDataSource.java:139) ~[HikariCP-6.3.0.jar:na]
	at com.zaxxer.hikari.pool.PoolBase.newConnection(PoolBase.java:368) ~[HikariCP-6.3.0.jar:na]
	at com.zaxxer.hikari.pool.PoolBase.newPoolEntry(PoolBase.java:205) ~[HikariCP-6.3.0.jar:na]
	at com.zaxxer.hikari.pool.HikariPool.createPoolEntry(HikariPool.java:483) ~[HikariCP-6.3.0.jar:na]
	at com.zaxxer.hikari.pool.HikariPool.checkFailFast(HikariPool.java:571) ~[HikariCP-6.3.0.jar:na]
	at com.zaxxer.hikari.pool.HikariPool.<init>(HikariPool.java:101) ~[HikariCP-6.3.0.jar:na]
	at com.zaxxer.hikari.HikariDataSource.getConnection(HikariDataSource.java:111) ~[HikariCP-6.3.0.jar:na]
	at org.hibernate.engine.jdbc.connections.internal.DatasourceConnectionProviderImpl.getConnection(DatasourceConnectionProviderImpl.java:126) ~[hibernate-core-6.6.15.Final.jar:6.6.15.Final]
	at org.hibernate.engine.jdbc.env.internal.JdbcEnvironmentInitiator$ConnectionProviderJdbcConnectionAccess.obtainConnection(JdbcEnvironmentInitiator.java:483) ~[hibernate-core-6.6.15.Final.jar:6.6.15.Final]
	at org.hibernate.resource.transaction.backend.jdbc.internal.DdlTransactionIsolatorNonJtaImpl.getIsolatedConnection(DdlTransactionIsolatorNonJtaImpl.java:46) ~[hibernate-core-6.6.15.Final.jar:6.6.15.Final]
	... 40 common frames omitted
Caused by: com.mysql.cj.exceptions.CJCommunicationsException: Communications link failure

The last packet sent successfully to the server was 0 milliseconds ago. The driver has not received any packets from the server.
	at java.base/jdk.internal.reflect.NativeConstructorAccessorImpl.newInstance0(Native Method) ~[na:na]
	at java.base/jdk.internal.reflect.NativeConstructorAccessorImpl.newInstance(NativeConstructorAccessorImpl.java:77) ~[na:na]
	at java.base/jdk.internal.reflect.DelegatingConstructorAccessorImpl.newInstance(DelegatingConstructorAccessorImpl.java:45) ~[na:na]
	at java.base/java.lang.reflect.Constructor.newInstanceWithCaller(Constructor.java:499) ~[na:na]
	at java.base/java.lang.reflect.Constructor.newInstance(Constructor.java:480) ~[na:na]
	at com.mysql.cj.exceptions.ExceptionFactory.createException(ExceptionFactory.java:52) ~[mysql-connector-j-9.2.0.jar:9.2.0]
	at com.mysql.cj.exceptions.ExceptionFactory.createException(ExceptionFactory.java:95) ~[mysql-connector-j-9.2.0.jar:9.2.0]
	at com.mysql.cj.exceptions.ExceptionFactory.createException(ExceptionFactory.java:140) ~[mysql-connector-j-9.2.0.jar:9.2.0]
	at com.mysql.cj.exceptions.ExceptionFactory.createCommunicationsException(ExceptionFactory.java:156) ~[mysql-connector-j-9.2.0.jar:9.2.0]
	at com.mysql.cj.protocol.a.NativeSocketConnection.connect(NativeSocketConnection.java:79) ~[mysql-connector-j-9.2.0.jar:9.2.0]
	at com.mysql.cj.NativeSession.connect(NativeSession.java:142) ~[mysql-connector-j-9.2.0.jar:9.2.0]
	at com.mysql.cj.jdbc.ConnectionImpl.connectOneTryOnly(ConnectionImpl.java:961) ~[mysql-connector-j-9.2.0.jar:9.2.0]
	at com.mysql.cj.jdbc.ConnectionImpl.createNewIO(ConnectionImpl.java:825) ~[mysql-connector-j-9.2.0.jar:9.2.0]
	... 53 common frames omitted
Caused by: java.net.ConnectException: Connection refused: no further information
	at java.base/sun.nio.ch.Net.pollConnect(Native Method) ~[na:na]
	at java.base/sun.nio.ch.Net.pollConnectNow(Net.java:672) ~[na:na]
	at java.base/sun.nio.ch.NioSocketImpl.timedFinishConnect(NioSocketImpl.java:547) ~[na:na]
	at java.base/sun.nio.ch.NioSocketImpl.connect(NioSocketImpl.java:602) ~[na:na]
	at java.base/java.net.SocksSocketImpl.connect(SocksSocketImpl.java:327) ~[na:na]
	at java.base/java.net.Socket.connect(Socket.java:633) ~[na:na]
	at com.mysql.cj.protocol.StandardSocketFactory.connect(StandardSocketFactory.java:144) ~[mysql-connector-j-9.2.0.jar:9.2.0]
	at com.mysql.cj.protocol.a.NativeSocketConnection.connect(NativeSocketConnection.java:53) ~[mysql-connector-j-9.2.0.jar:9.2.0]
	... 56 common frames omitted

2025-11-25T01:00:36.422-03:00  INFO 684 --- [servicio-agregador] [main] _.s.ServicioAgregadorApplication         : Starting ServicioAgregadorApplication using Java 17.0.10 with PID 684 (D:\Facultad\Cuarto año\DDS\2025-tpa-mi-no-grupo-22\servicio-agregador\target\classes started by lucia in D:\Facultad\Cuarto año\DDS\2025-tpa-mi-no-grupo-22)
2025-11-25T01:00:36.425-03:00  INFO 684 --- [servicio-agregador] [main] _.s.ServicioAgregadorApplication         : No active profile set, falling back to 1 default profile: "default"
2025-11-25T01:00:37.470-03:00  INFO 684 --- [servicio-agregador] [main] .s.d.r.c.RepositoryConfigurationDelegate : Bootstrapping Spring Data JPA repositories in DEFAULT mode.
2025-11-25T01:00:37.645-03:00  INFO 684 --- [servicio-agregador] [main] .s.d.r.c.RepositoryConfigurationDelegate : Finished Spring Data repository scanning in 165 ms. Found 9 JPA repository interfaces.
2025-11-25T01:00:38.147-03:00  INFO 684 --- [servicio-agregador] [main] o.s.b.w.embedded.tomcat.TomcatWebServer  : Tomcat initialized with port 8081 (http)
2025-11-25T01:00:38.159-03:00  INFO 684 --- [servicio-agregador] [main] o.apache.catalina.core.StandardService   : Starting service [Tomcat]
2025-11-25T01:00:38.159-03:00  INFO 684 --- [servicio-agregador] [main] o.apache.catalina.core.StandardEngine    : Starting Servlet engine: [Apache Tomcat/10.1.41]
2025-11-25T01:00:38.219-03:00  INFO 684 --- [servicio-agregador] [main] o.a.c.c.C.[Tomcat].[localhost].[/]       : Initializing Spring embedded WebApplicationContext
2025-11-25T01:00:38.219-03:00  INFO 684 --- [servicio-agregador] [main] w.s.c.ServletWebServerApplicationContext : Root WebApplicationContext: initialization completed in 1746 ms
2025-11-25T01:00:38.504-03:00  INFO 684 --- [servicio-agregador] [main] o.hibernate.jpa.internal.util.LogHelper  : HHH000204: Processing PersistenceUnitInfo [name: default]
2025-11-25T01:00:38.547-03:00  INFO 684 --- [servicio-agregador] [main] org.hibernate.Version                    : HHH000412: Hibernate ORM core version 6.6.15.Final
2025-11-25T01:00:38.584-03:00  INFO 684 --- [servicio-agregador] [main] o.h.c.internal.RegionFactoryInitiator    : HHH000026: Second-level cache disabled
2025-11-25T01:00:38.826-03:00  INFO 684 --- [servicio-agregador] [main] o.s.o.j.p.SpringPersistenceUnitInfo      : No LoadTimeWeaver setup: ignoring JPA class transformer
2025-11-25T01:00:38.857-03:00  INFO 684 --- [servicio-agregador] [main] com.zaxxer.hikari.HikariDataSource       : HikariPool-1 - Starting...
2025-11-25T01:00:38.990-03:00  INFO 684 --- [servicio-agregador] [main] com.zaxxer.hikari.pool.HikariPool        : HikariPool-1 - Added connection com.mysql.cj.jdbc.ConnectionImpl@5bccaedb
2025-11-25T01:00:38.991-03:00  INFO 684 --- [servicio-agregador] [main] com.zaxxer.hikari.HikariDataSource       : HikariPool-1 - Start completed.
2025-11-25T01:00:39.026-03:00  WARN 684 --- [servicio-agregador] [main] org.hibernate.orm.deprecation            : HHH90000025: MySQL8Dialect does not need to be specified explicitly using 'hibernate.dialect' (remove the property setting and it will be selected by default)
2025-11-25T01:00:39.027-03:00  WARN 684 --- [servicio-agregador] [main] org.hibernate.orm.deprecation            : HHH90000026: MySQL8Dialect has been deprecated; use org.hibernate.dialect.MySQLDialect instead
2025-11-25T01:00:39.045-03:00  INFO 684 --- [servicio-agregador] [main] org.hibernate.orm.connections.pooling    : HHH10001005: Database info:
	Database JDBC URL [Connecting through datasource 'HikariDataSource (HikariPool-1)']
	Database driver: undefined/unknown
	Database version: 8.0
	Autocommit mode: undefined/unknown
	Isolation level: undefined/unknown
	Minimum pool size: undefined/unknown
	Maximum pool size: undefined/unknown
2025-11-25T01:00:39.931-03:00  INFO 684 --- [servicio-agregador] [main] o.h.e.t.j.p.i.JtaPlatformInitiator       : HHH000489: No JTA platform available (set 'hibernate.transaction.jta.platform' to enable JTA platform integration)
2025-11-25T01:00:40.109-03:00  INFO 684 --- [servicio-agregador] [main] j.LocalContainerEntityManagerFactoryBean : Initialized JPA EntityManagerFactory for persistence unit 'default'
2025-11-25T01:00:40.405-03:00  INFO 684 --- [servicio-agregador] [main] o.s.d.j.r.query.QueryEnhancerFactory     : Hibernate is in classpath; If applicable, HQL parser will be used.
2025-11-25T01:00:41.290-03:00  WARN 684 --- [servicio-agregador] [main] JpaBaseConfiguration$JpaWebConfiguration : spring.jpa.open-in-view is enabled by default. Therefore, database queries may be performed during view rendering. Explicitly configure spring.jpa.open-in-view to disable this warning
2025-11-25T01:00:41.422-03:00  INFO 684 --- [servicio-agregador] [main] o.s.v.b.OptionalValidatorFactoryBean     : Failed to set up a Bean Validation provider: jakarta.validation.NoProviderFoundException: Unable to create a Configuration, because no Jakarta Bean Validation provider could be found. Add a provider like Hibernate Validator (RI) to your classpath.
2025-11-25T01:00:41.992-03:00  INFO 684 --- [servicio-agregador] [main] o.s.b.a.e.web.EndpointLinksResolver      : Exposing 6 endpoints beneath base path '/actuator'
2025-11-25T01:00:42.073-03:00  INFO 684 --- [servicio-agregador] [main] o.s.b.w.embedded.tomcat.TomcatWebServer  : Tomcat started on port 8081 (http) with context path '/'
2025-11-25T01:00:42.091-03:00  INFO 684 --- [servicio-agregador] [main] _.s.ServicioAgregadorApplication         : Started ServicioAgregadorApplication in 6.124 seconds (process running for 6.438)
2025-11-25T01:01:00.154-03:00  INFO 684 --- [servicio-agregador] [http-nio-8081-exec-2] o.a.c.c.C.[Tomcat].[localhost].[/]       : Initializing Spring DispatcherServlet 'dispatcherServlet'
2025-11-25T01:01:00.155-03:00  INFO 684 --- [servicio-agregador] [http-nio-8081-exec-2] o.s.web.servlet.DispatcherServlet        : Initializing Servlet 'dispatcherServlet'
2025-11-25T01:01:00.156-03:00  INFO 684 --- [servicio-agregador] [http-nio-8081-exec-2] o.s.web.servlet.DispatcherServlet        : Completed initialization in 1 ms
2025-11-25T01:01:32.588-03:00  INFO 684 --- [servicio-agregador] [SpringApplicationShutdownHook] o.s.b.w.e.tomcat.GracefulShutdown        : Commencing graceful shutdown. Waiting for active requests to complete
2025-11-25T01:01:32.652-03:00  INFO 684 --- [servicio-agregador] [tomcat-shutdown] o.s.b.w.e.tomcat.GracefulShutdown        : Graceful shutdown complete
2025-11-25T01:01:32.668-03:00  INFO 684 --- [servicio-agregador] [SpringApplicationShutdownHook] j.LocalContainerEntityManagerFactoryBean : Closing JPA EntityManagerFactory for persistence unit 'default'
2025-11-25T01:01:32.670-03:00  INFO 684 --- [servicio-agregador] [SpringApplicationShutdownHook] com.zaxxer.hikari.HikariDataSource       : HikariPool-1 - Shutdown initiated...
2025-11-25T01:01:32.675-03:00  INFO 684 --- [servicio-agregador] [SpringApplicationShutdownHook] com.zaxxer.hikari.HikariDataSource       : HikariPool-1 - Shutdown completed.
2025-11-25T01:01:34.407-03:00  INFO 16240 --- [servicio-agregador] [main] _.s.ServicioAgregadorApplication         : Starting ServicioAgregadorApplication using Java 17.0.10 with PID 16240 (D:\Facultad\Cuarto año\DDS\2025-tpa-mi-no-grupo-22\servicio-agregador\target\classes started by lucia in D:\Facultad\Cuarto año\DDS\2025-tpa-mi-no-grupo-22)
2025-11-25T01:01:34.410-03:00  INFO 16240 --- [servicio-agregador] [main] _.s.ServicioAgregadorApplication         : No active profile set, falling back to 1 default profile: "default"
2025-11-25T01:01:35.359-03:00  INFO 16240 --- [servicio-agregador] [main] .s.d.r.c.RepositoryConfigurationDelegate : Bootstrapping Spring Data JPA repositories in DEFAULT mode.
2025-11-25T01:01:35.524-03:00  INFO 16240 --- [servicio-agregador] [main] .s.d.r.c.RepositoryConfigurationDelegate : Finished Spring Data repository scanning in 155 ms. Found 9 JPA repository interfaces.
2025-11-25T01:01:35.976-03:00  INFO 16240 --- [servicio-agregador] [main] o.s.b.w.embedded.tomcat.TomcatWebServer  : Tomcat initialized with port 8081 (http)
2025-11-25T01:01:35.985-03:00  INFO 16240 --- [servicio-agregador] [main] o.apache.catalina.core.StandardService   : Starting service [Tomcat]
2025-11-25T01:01:35.985-03:00  INFO 16240 --- [servicio-agregador] [main] o.apache.catalina.core.StandardEngine    : Starting Servlet engine: [Apache Tomcat/10.1.41]
2025-11-25T01:01:36.034-03:00  INFO 16240 --- [servicio-agregador] [main] o.a.c.c.C.[Tomcat].[localhost].[/]       : Initializing Spring embedded WebApplicationContext
2025-11-25T01:01:36.035-03:00  INFO 16240 --- [servicio-agregador] [main] w.s.c.ServletWebServerApplicationContext : Root WebApplicationContext: initialization completed in 1582 ms
2025-11-25T01:01:36.287-03:00  INFO 16240 --- [servicio-agregador] [main] o.hibernate.jpa.internal.util.LogHelper  : HHH000204: Processing PersistenceUnitInfo [name: default]
2025-11-25T01:01:36.333-03:00  INFO 16240 --- [servicio-agregador] [main] org.hibernate.Version                    : HHH000412: Hibernate ORM core version 6.6.15.Final
2025-11-25T01:01:36.367-03:00  INFO 16240 --- [servicio-agregador] [main] o.h.c.internal.RegionFactoryInitiator    : HHH000026: Second-level cache disabled
2025-11-25T01:01:36.614-03:00  INFO 16240 --- [servicio-agregador] [main] o.s.o.j.p.SpringPersistenceUnitInfo      : No LoadTimeWeaver setup: ignoring JPA class transformer
2025-11-25T01:01:36.640-03:00  INFO 16240 --- [servicio-agregador] [main] com.zaxxer.hikari.HikariDataSource       : HikariPool-1 - Starting...
2025-11-25T01:01:36.781-03:00  INFO 16240 --- [servicio-agregador] [main] com.zaxxer.hikari.pool.HikariPool        : HikariPool-1 - Added connection com.mysql.cj.jdbc.ConnectionImpl@5bccaedb
2025-11-25T01:01:36.783-03:00  INFO 16240 --- [servicio-agregador] [main] com.zaxxer.hikari.HikariDataSource       : HikariPool-1 - Start completed.
2025-11-25T01:01:36.818-03:00  WARN 16240 --- [servicio-agregador] [main] org.hibernate.orm.deprecation            : HHH90000025: MySQL8Dialect does not need to be specified explicitly using 'hibernate.dialect' (remove the property setting and it will be selected by default)
2025-11-25T01:01:36.819-03:00  WARN 16240 --- [servicio-agregador] [main] org.hibernate.orm.deprecation            : HHH90000026: MySQL8Dialect has been deprecated; use org.hibernate.dialect.MySQLDialect instead
2025-11-25T01:01:36.838-03:00  INFO 16240 --- [servicio-agregador] [main] org.hibernate.orm.connections.pooling    : HHH10001005: Database info:
	Database JDBC URL [Connecting through datasource 'HikariDataSource (HikariPool-1)']
	Database driver: undefined/unknown
	Database version: 8.0
	Autocommit mode: undefined/unknown
	Isolation level: undefined/unknown
	Minimum pool size: undefined/unknown
	Maximum pool size: undefined/unknown
2025-11-25T01:01:37.696-03:00  INFO 16240 --- [servicio-agregador] [main] o.h.e.t.j.p.i.JtaPlatformInitiator       : HHH000489: No JTA platform available (set 'hibernate.transaction.jta.platform' to enable JTA platform integration)
2025-11-25T01:01:37.860-03:00  INFO 16240 --- [servicio-agregador] [main] j.LocalContainerEntityManagerFactoryBean : Initialized JPA EntityManagerFactory for persistence unit 'default'
2025-11-25T01:01:38.158-03:00  INFO 16240 --- [servicio-agregador] [main] o.s.d.j.r.query.QueryEnhancerFactory     : Hibernate is in classpath; If applicable, HQL parser will be used.
2025-11-25T01:01:39.072-03:00  WARN 16240 --- [servicio-agregador] [main] JpaBaseConfiguration$JpaWebConfiguration : spring.jpa.open-in-view is enabled by default. Therefore, database queries may be performed during view rendering. Explicitly configure spring.jpa.open-in-view to disable this warning
2025-11-25T01:01:39.193-03:00  INFO 16240 --- [servicio-agregador] [main] o.s.v.b.OptionalValidatorFactoryBean     : Failed to set up a Bean Validation provider: jakarta.validation.NoProviderFoundException: Unable to create a Configuration, because no Jakarta Bean Validation provider could be found. Add a provider like Hibernate Validator (RI) to your classpath.
2025-11-25T01:01:39.678-03:00  INFO 16240 --- [servicio-agregador] [main] o.s.b.a.e.web.EndpointLinksResolver      : Exposing 6 endpoints beneath base path '/actuator'
2025-11-25T01:01:39.747-03:00  INFO 16240 --- [servicio-agregador] [main] o.s.b.w.embedded.tomcat.TomcatWebServer  : Tomcat started on port 8081 (http) with context path '/'
2025-11-25T01:01:39.762-03:00  INFO 16240 --- [servicio-agregador] [main] _.s.ServicioAgregadorApplication         : Started ServicioAgregadorApplication in 5.904 seconds (process running for 6.301)
2025-11-25T01:01:42.470-03:00  INFO 16240 --- [servicio-agregador] [http-nio-8081-exec-1] o.a.c.c.C.[Tomcat].[localhost].[/]       : Initializing Spring DispatcherServlet 'dispatcherServlet'
2025-11-25T01:01:42.471-03:00  INFO 16240 --- [servicio-agregador] [http-nio-8081-exec-1] o.s.web.servlet.DispatcherServlet        : Initializing Servlet 'dispatcherServlet'
2025-11-25T01:01:42.472-03:00  INFO 16240 --- [servicio-agregador] [http-nio-8081-exec-1] o.s.web.servlet.DispatcherServlet        : Completed initialization in 1 ms
2025-11-25T01:04:51.604-03:00  INFO 16240 --- [servicio-agregador] [SpringApplicationShutdownHook] o.s.b.w.e.tomcat.GracefulShutdown        : Commencing graceful shutdown. Waiting for active requests to complete
2025-11-25T01:04:51.664-03:00  INFO 16240 --- [servicio-agregador] [tomcat-shutdown] o.s.b.w.e.tomcat.GracefulShutdown        : Graceful shutdown complete
2025-11-25T01:04:51.686-03:00  INFO 16240 --- [servicio-agregador] [SpringApplicationShutdownHook] j.LocalContainerEntityManagerFactoryBean : Closing JPA EntityManagerFactory for persistence unit 'default'
2025-11-25T01:04:51.688-03:00  INFO 16240 --- [servicio-agregador] [SpringApplicationShutdownHook] com.zaxxer.hikari.HikariDataSource       : HikariPool-1 - Shutdown initiated...
2025-11-25T01:04:51.695-03:00  INFO 16240 --- [servicio-agregador] [SpringApplicationShutdownHook] com.zaxxer.hikari.HikariDataSource       : HikariPool-1 - Shutdown completed.
2025-11-25T01:04:54.720-03:00  INFO 17824 --- [servicio-agregador] [main] _.s.ServicioAgregadorApplication         : Starting ServicioAgregadorApplication using Java 17.0.10 with PID 17824 (D:\Facultad\Cuarto año\DDS\2025-tpa-mi-no-grupo-22\servicio-agregador\target\classes started by lucia in D:\Facultad\Cuarto año\DDS\2025-tpa-mi-no-grupo-22)
2025-11-25T01:04:54.722-03:00  INFO 17824 --- [servicio-agregador] [main] _.s.ServicioAgregadorApplication         : No active profile set, falling back to 1 default profile: "default"
2025-11-25T01:04:56.520-03:00  INFO 17824 --- [servicio-agregador] [main] .s.d.r.c.RepositoryConfigurationDelegate : Bootstrapping Spring Data JPA repositories in DEFAULT mode.
2025-11-25T01:04:56.687-03:00  INFO 17824 --- [servicio-agregador] [main] .s.d.r.c.RepositoryConfigurationDelegate : Finished Spring Data repository scanning in 158 ms. Found 9 JPA repository interfaces.
2025-11-25T01:04:57.181-03:00  INFO 17824 --- [servicio-agregador] [main] o.s.b.w.embedded.tomcat.TomcatWebServer  : Tomcat initialized with port 8081 (http)
2025-11-25T01:04:57.194-03:00  INFO 17824 --- [servicio-agregador] [main] o.apache.catalina.core.StandardService   : Starting service [Tomcat]
2025-11-25T01:04:57.195-03:00  INFO 17824 --- [servicio-agregador] [main] o.apache.catalina.core.StandardEngine    : Starting Servlet engine: [Apache Tomcat/10.1.41]
2025-11-25T01:04:57.259-03:00  INFO 17824 --- [servicio-agregador] [main] o.a.c.c.C.[Tomcat].[localhost].[/]       : Initializing Spring embedded WebApplicationContext
2025-11-25T01:04:57.259-03:00  INFO 17824 --- [servicio-agregador] [main] w.s.c.ServletWebServerApplicationContext : Root WebApplicationContext: initialization completed in 2499 ms
2025-11-25T01:04:57.526-03:00  INFO 17824 --- [servicio-agregador] [main] o.hibernate.jpa.internal.util.LogHelper  : HHH000204: Processing PersistenceUnitInfo [name: default]
2025-11-25T01:04:57.683-03:00  INFO 17824 --- [servicio-agregador] [main] org.hibernate.Version                    : HHH000412: Hibernate ORM core version 6.6.15.Final
2025-11-25T01:04:57.733-03:00  INFO 17824 --- [servicio-agregador] [main] o.h.c.internal.RegionFactoryInitiator    : HHH000026: Second-level cache disabled
2025-11-25T01:04:58.024-03:00  INFO 17824 --- [servicio-agregador] [main] o.s.o.j.p.SpringPersistenceUnitInfo      : No LoadTimeWeaver setup: ignoring JPA class transformer
2025-11-25T01:04:58.057-03:00  INFO 17824 --- [servicio-agregador] [main] com.zaxxer.hikari.HikariDataSource       : HikariPool-1 - Starting...
2025-11-25T01:04:58.194-03:00  INFO 17824 --- [servicio-agregador] [main] com.zaxxer.hikari.pool.HikariPool        : HikariPool-1 - Added connection com.mysql.cj.jdbc.ConnectionImpl@5bccaedb
2025-11-25T01:04:58.195-03:00  INFO 17824 --- [servicio-agregador] [main] com.zaxxer.hikari.HikariDataSource       : HikariPool-1 - Start completed.
2025-11-25T01:04:58.247-03:00  WARN 17824 --- [servicio-agregador] [main] org.hibernate.orm.deprecation            : HHH90000025: MySQL8Dialect does not need to be specified explicitly using 'hibernate.dialect' (remove the property setting and it will be selected by default)
2025-11-25T01:04:58.248-03:00  WARN 17824 --- [servicio-agregador] [main] org.hibernate.orm.deprecation            : HHH90000026: MySQL8Dialect has been deprecated; use org.hibernate.dialect.MySQLDialect instead
2025-11-25T01:04:58.290-03:00  INFO 17824 --- [servicio-agregador] [main] org.hibernate.orm.connections.pooling    : HHH10001005: Database info:
	Database JDBC URL [Connecting through datasource 'HikariDataSource (HikariPool-1)']
	Database driver: undefined/unknown
	Database version: 8.0
	Autocommit mode: undefined/unknown
	Isolation level: undefined/unknown
	Minimum pool size: undefined/unknown
	Maximum pool size: undefined/unknown
2025-11-25T01:04:59.264-03:00  INFO 17824 --- [servicio-agregador] [main] o.h.e.t.j.p.i.JtaPlatformInitiator       : HHH000489: No JTA platform available (set 'hibernate.transaction.jta.platform' to enable JTA platform integration)
2025-11-25T01:04:59.424-03:00  INFO 17824 --- [servicio-agregador] [main] j.LocalContainerEntityManagerFactoryBean : Initialized JPA EntityManagerFactory for persistence unit 'default'
2025-11-25T01:04:59.706-03:00  INFO 17824 --- [servicio-agregador] [main] o.s.d.j.r.query.QueryEnhancerFactory     : Hibernate is in classpath; If applicable, HQL parser will be used.
2025-11-25T01:05:00.640-03:00  WARN 17824 --- [servicio-agregador] [main] JpaBaseConfiguration$JpaWebConfiguration : spring.jpa.open-in-view is enabled by default. Therefore, database queries may be performed during view rendering. Explicitly configure spring.jpa.open-in-view to disable this warning
2025-11-25T01:05:00.755-03:00  INFO 17824 --- [servicio-agregador] [main] o.s.v.b.OptionalValidatorFactoryBean     : Failed to set up a Bean Validation provider: jakarta.validation.NoProviderFoundException: Unable to create a Configuration, because no Jakarta Bean Validation provider could be found. Add a provider like Hibernate Validator (RI) to your classpath.
2025-11-25T01:05:01.237-03:00  INFO 17824 --- [servicio-agregador] [main] o.s.b.a.e.web.EndpointLinksResolver      : Exposing 6 endpoints beneath base path '/actuator'
2025-11-25T01:05:01.317-03:00  INFO 17824 --- [servicio-agregador] [main] o.s.b.w.embedded.tomcat.TomcatWebServer  : Tomcat started on port 8081 (http) with context path '/'
2025-11-25T01:05:01.333-03:00  INFO 17824 --- [servicio-agregador] [main] _.s.ServicioAgregadorApplication         : Started ServicioAgregadorApplication in 7.131 seconds (process running for 7.486)
2025-11-25T01:05:06.105-03:00  INFO 17824 --- [servicio-agregador] [http-nio-8081-exec-1] o.a.c.c.C.[Tomcat].[localhost].[/]       : Initializing Spring DispatcherServlet 'dispatcherServlet'
2025-11-25T01:05:06.105-03:00  INFO 17824 --- [servicio-agregador] [http-nio-8081-exec-1] o.s.web.servlet.DispatcherServlet        : Initializing Servlet 'dispatcherServlet'
2025-11-25T01:05:06.106-03:00  INFO 17824 --- [servicio-agregador] [http-nio-8081-exec-1] o.s.web.servlet.DispatcherServlet        : Completed initialization in 1 ms
2025-11-25T01:05:38.686-03:00  INFO 17824 --- [servicio-agregador] [SpringApplicationShutdownHook] o.s.b.w.e.tomcat.GracefulShutdown        : Commencing graceful shutdown. Waiting for active requests to complete
2025-11-25T01:05:38.748-03:00  INFO 17824 --- [servicio-agregador] [tomcat-shutdown] o.s.b.w.e.tomcat.GracefulShutdown        : Graceful shutdown complete
2025-11-25T01:05:38.764-03:00  INFO 17824 --- [servicio-agregador] [SpringApplicationShutdownHook] j.LocalContainerEntityManagerFactoryBean : Closing JPA EntityManagerFactory for persistence unit 'default'
2025-11-25T01:05:38.766-03:00  INFO 17824 --- [servicio-agregador] [SpringApplicationShutdownHook] com.zaxxer.hikari.HikariDataSource       : HikariPool-1 - Shutdown initiated...
2025-11-25T01:05:38.771-03:00  INFO 17824 --- [servicio-agregador] [SpringApplicationShutdownHook] com.zaxxer.hikari.HikariDataSource       : HikariPool-1 - Shutdown completed.
2025-11-25T01:05:40.402-03:00  INFO 20880 --- [servicio-agregador] [main] _.s.ServicioAgregadorApplication         : Starting ServicioAgregadorApplication using Java 17.0.10 with PID 20880 (D:\Facultad\Cuarto año\DDS\2025-tpa-mi-no-grupo-22\servicio-agregador\target\classes started by lucia in D:\Facultad\Cuarto año\DDS\2025-tpa-mi-no-grupo-22)
2025-11-25T01:05:40.406-03:00  INFO 20880 --- [servicio-agregador] [main] _.s.ServicioAgregadorApplication         : No active profile set, falling back to 1 default profile: "default"
2025-11-25T01:05:41.334-03:00  INFO 20880 --- [servicio-agregador] [main] .s.d.r.c.RepositoryConfigurationDelegate : Bootstrapping Spring Data JPA repositories in DEFAULT mode.
2025-11-25T01:05:41.502-03:00  INFO 20880 --- [servicio-agregador] [main] .s.d.r.c.RepositoryConfigurationDelegate : Finished Spring Data repository scanning in 159 ms. Found 9 JPA repository interfaces.
2025-11-25T01:05:41.943-03:00  INFO 20880 --- [servicio-agregador] [main] o.s.b.w.embedded.tomcat.TomcatWebServer  : Tomcat initialized with port 8081 (http)
2025-11-25T01:05:41.952-03:00  INFO 20880 --- [servicio-agregador] [main] o.apache.catalina.core.StandardService   : Starting service [Tomcat]
2025-11-25T01:05:41.953-03:00  INFO 20880 --- [servicio-agregador] [main] o.apache.catalina.core.StandardEngine    : Starting Servlet engine: [Apache Tomcat/10.1.41]
2025-11-25T01:05:42.001-03:00  INFO 20880 --- [servicio-agregador] [main] o.a.c.c.C.[Tomcat].[localhost].[/]       : Initializing Spring embedded WebApplicationContext
2025-11-25T01:05:42.001-03:00  INFO 20880 --- [servicio-agregador] [main] w.s.c.ServletWebServerApplicationContext : Root WebApplicationContext: initialization completed in 1547 ms
2025-11-25T01:05:42.272-03:00  INFO 20880 --- [servicio-agregador] [main] o.hibernate.jpa.internal.util.LogHelper  : HHH000204: Processing PersistenceUnitInfo [name: default]
2025-11-25T01:05:42.317-03:00  INFO 20880 --- [servicio-agregador] [main] org.hibernate.Version                    : HHH000412: Hibernate ORM core version 6.6.15.Final
2025-11-25T01:05:42.350-03:00  INFO 20880 --- [servicio-agregador] [main] o.h.c.internal.RegionFactoryInitiator    : HHH000026: Second-level cache disabled
2025-11-25T01:05:42.585-03:00  INFO 20880 --- [servicio-agregador] [main] o.s.o.j.p.SpringPersistenceUnitInfo      : No LoadTimeWeaver setup: ignoring JPA class transformer
2025-11-25T01:05:42.616-03:00  INFO 20880 --- [servicio-agregador] [main] com.zaxxer.hikari.HikariDataSource       : HikariPool-1 - Starting...
2025-11-25T01:05:42.755-03:00  INFO 20880 --- [servicio-agregador] [main] com.zaxxer.hikari.pool.HikariPool        : HikariPool-1 - Added connection com.mysql.cj.jdbc.ConnectionImpl@5bccaedb
2025-11-25T01:05:42.757-03:00  INFO 20880 --- [servicio-agregador] [main] com.zaxxer.hikari.HikariDataSource       : HikariPool-1 - Start completed.
2025-11-25T01:05:42.790-03:00  WARN 20880 --- [servicio-agregador] [main] org.hibernate.orm.deprecation            : HHH90000025: MySQL8Dialect does not need to be specified explicitly using 'hibernate.dialect' (remove the property setting and it will be selected by default)
2025-11-25T01:05:42.791-03:00  WARN 20880 --- [servicio-agregador] [main] org.hibernate.orm.deprecation            : HHH90000026: MySQL8Dialect has been deprecated; use org.hibernate.dialect.MySQLDialect instead
2025-11-25T01:05:42.810-03:00  INFO 20880 --- [servicio-agregador] [main] org.hibernate.orm.connections.pooling    : HHH10001005: Database info:
	Database JDBC URL [Connecting through datasource 'HikariDataSource (HikariPool-1)']
	Database driver: undefined/unknown
	Database version: 8.0
	Autocommit mode: undefined/unknown
	Isolation level: undefined/unknown
	Minimum pool size: undefined/unknown
	Maximum pool size: undefined/unknown
2025-11-25T01:05:43.670-03:00  INFO 20880 --- [servicio-agregador] [main] o.h.e.t.j.p.i.JtaPlatformInitiator       : HHH000489: No JTA platform available (set 'hibernate.transaction.jta.platform' to enable JTA platform integration)
2025-11-25T01:05:43.829-03:00  INFO 20880 --- [servicio-agregador] [main] j.LocalContainerEntityManagerFactoryBean : Initialized JPA EntityManagerFactory for persistence unit 'default'
2025-11-25T01:05:44.122-03:00  INFO 20880 --- [servicio-agregador] [main] o.s.d.j.r.query.QueryEnhancerFactory     : Hibernate is in classpath; If applicable, HQL parser will be used.
2025-11-25T01:05:45.008-03:00  WARN 20880 --- [servicio-agregador] [main] JpaBaseConfiguration$JpaWebConfiguration : spring.jpa.open-in-view is enabled by default. Therefore, database queries may be performed during view rendering. Explicitly configure spring.jpa.open-in-view to disable this warning
2025-11-25T01:05:45.144-03:00  INFO 20880 --- [servicio-agregador] [main] o.s.v.b.OptionalValidatorFactoryBean     : Failed to set up a Bean Validation provider: jakarta.validation.NoProviderFoundException: Unable to create a Configuration, because no Jakarta Bean Validation provider could be found. Add a provider like Hibernate Validator (RI) to your classpath.
2025-11-25T01:05:45.658-03:00  INFO 20880 --- [servicio-agregador] [main] o.s.b.a.e.web.EndpointLinksResolver      : Exposing 6 endpoints beneath base path '/actuator'
2025-11-25T01:05:45.728-03:00  INFO 20880 --- [servicio-agregador] [main] o.s.b.w.embedded.tomcat.TomcatWebServer  : Tomcat started on port 8081 (http) with context path '/'
2025-11-25T01:05:45.745-03:00  INFO 20880 --- [servicio-agregador] [main] _.s.ServicioAgregadorApplication         : Started ServicioAgregadorApplication in 5.843 seconds (process running for 6.183)
2025-11-25T01:05:48.414-03:00  INFO 20880 --- [servicio-agregador] [http-nio-8081-exec-2] o.a.c.c.C.[Tomcat].[localhost].[/]       : Initializing Spring DispatcherServlet 'dispatcherServlet'
2025-11-25T01:05:48.414-03:00  INFO 20880 --- [servicio-agregador] [http-nio-8081-exec-2] o.s.web.servlet.DispatcherServlet        : Initializing Servlet 'dispatcherServlet'
2025-11-25T01:05:48.415-03:00  INFO 20880 --- [servicio-agregador] [http-nio-8081-exec-2] o.s.web.servlet.DispatcherServlet        : Completed initialization in 1 ms
2025-11-25T01:17:45.701-03:00  INFO 20880 --- [servicio-agregador] [boundedElastic-13] nombre usuario: null                     : | onSubscribe([Fuseable] MonoCallable.MonoCallableSubscription)
2025-11-25T01:17:45.702-03:00  INFO 20880 --- [servicio-agregador] [boundedElastic-13] nombre usuario: null                     : | request(unbounded)
2025-11-25T01:17:45.729-03:00  INFO 20880 --- [servicio-agregador] [boundedElastic-13] nombre usuario: null                     : | onNext([HechoOutputDTO(id=17859, titulo=caída de aeronave impacta en olavarría vengo de fuente dinamica, descripcion=Grave caída de aeronave ocurrió en las inmediaciones de Olavarría, Buenos Aires. El incidente provocó pánico entre los residentes locales. Voluntarios de diversas organizaciones se han sumado a las tareas de auxilio., categoria=Caída de aeronave, multimedia=null, fuente=FuenteDinamica::FD-1, fechaHecho=2001-11-29T03:50, ubicacionOutputDTO=UbicacionOutputDTO(provincia=Buenos Aires, municipio=Olavarría, departamento=Olavarría, latitud=-36.8700000, longitud=-60.3400000), etiquetas=[], estado=PENDIENTE, usuario=null), HechoOutputDTO(id=17858, titulo=serio incidente: accidente con maquinaria industrial en chos malal, neuquén, descripcion=Un grave accidente con maquinaria industrial se registró en Chos Malal, Neuquén. El incidente dejó a varios sectores sin comunicación. Voluntarios de diversas organizaciones se han sumado a las tareas de auxilio., categoria=Accidente con maquinaria industrial, multimedia=null, fuente=FuenteDinamica::FD-1, fechaHecho=2001-08-16T10:00, ubicacionOutputDTO=UbicacionOutputDTO(provincia=Neuquén, municipio=Chos Malal, departamento=Chos Malal, latitud=-37.3500000, longitud=-70.2400000), etiquetas=[], estado=PENDIENTE, usuario=null), HechoOutputDTO(id=17862, titulo=caída de aeronave impacta en venado tuerto, santa fe, descripcion=Grave caída de aeronave ocurrió en las inmediaciones de Venado Tuerto, Santa Fe. El incidente destruyó viviendas y dejó a familias evacuadas. Autoridades nacionales se han puesto a disposición para brindar asistencia., categoria=Caída de aeronave, multimedia=null, fuente=FuenteDinamica::FD-1, fechaHecho=2008-08-08T10:30, ubicacionOutputDTO=UbicacionOutputDTO(provincia=Santa Fe, municipio=Venado Tuerto, departamento=General López, latitud=-33.7700000, longitud=-61.9200000), etiquetas=[], estado=PENDIENTE, usuario=null), HechoOutputDTO(id=17860, titulo=devastador derrumbe en obra en construcción afecta a presidencia roque sáenz peña, descripcion=Un grave derrumbe en obra en construcción se registró en Presidencia Roque Sáenz Peña, Chaco. El incidente generó preocupación entre las autoridades provinciales. El intendente local se ha trasladado al lugar para supervisar las operaciones., categoria=Derrumbe en obra en construcción, multimedia=null, fuente=FuenteDinamica::FD-1, fechaHecho=2016-06-04T23:12:15, ubicacionOutputDTO=UbicacionOutputDTO(provincia=Chaco, municipio=Presidencia Roque Sáenz Peña, departamento=Comandante Fernández, latitud=-26.7800000, longitud=-60.4600000), etiquetas=[], estado=PENDIENTE, usuario=null), HechoOutputDTO(id=17861, titulo=accidente en paso a nivel deja múltiples daños en pehuajó, buenos aires, descripcion=Grave accidente en paso a nivel ocurrió en las inmediaciones de Pehuajó, Buenos Aires. El incidente generó preocupación entre las autoridades provinciales. El Ministerio de Desarrollo Social está brindando apoyo a los damnificados., categoria=Accidente en paso a nivel, multimedia=null, fuente=FuenteDinamica::FD-1, fechaHecho=2020-01-27T15:00:40, ubicacionOutputDTO=UbicacionOutputDTO(provincia=Buenos Aires, municipio=Pehuajó, departamento=Pehuajó, latitud=-35.8600000, longitud=-61.9400000), etiquetas=[], estado=PENDIENTE, usuario=null)])
2025-11-25T01:17:45.735-03:00  INFO 20880 --- [servicio-agregador] [boundedElastic-13] nombre usuario: null                     : | onComplete()
2025-11-25T01:18:36.420-03:00  INFO 20880 --- [servicio-agregador] [SpringApplicationShutdownHook] o.s.b.w.e.tomcat.GracefulShutdown        : Commencing graceful shutdown. Waiting for active requests to complete
2025-11-25T01:18:36.478-03:00  INFO 20880 --- [servicio-agregador] [tomcat-shutdown] o.s.b.w.e.tomcat.GracefulShutdown        : Graceful shutdown complete
2025-11-25T01:18:38.579-03:00  INFO 20880 --- [servicio-agregador] [SpringApplicationShutdownHook] j.LocalContainerEntityManagerFactoryBean : Closing JPA EntityManagerFactory for persistence unit 'default'
2025-11-25T01:18:38.581-03:00  INFO 20880 --- [servicio-agregador] [SpringApplicationShutdownHook] com.zaxxer.hikari.HikariDataSource       : HikariPool-1 - Shutdown initiated...
2025-11-25T01:18:38.585-03:00  INFO 20880 --- [servicio-agregador] [SpringApplicationShutdownHook] com.zaxxer.hikari.HikariDataSource       : HikariPool-1 - Shutdown completed.
2025-11-25T01:18:45.568-03:00  INFO 20200 --- [servicio-agregador] [main] _.s.ServicioAgregadorApplication         : Starting ServicioAgregadorApplication using Java 17.0.10 with PID 20200 (D:\Facultad\Cuarto año\DDS\2025-tpa-mi-no-grupo-22\servicio-agregador\target\classes started by lucia in D:\Facultad\Cuarto año\DDS\2025-tpa-mi-no-grupo-22)
2025-11-25T01:18:45.571-03:00  INFO 20200 --- [servicio-agregador] [main] _.s.ServicioAgregadorApplication         : No active profile set, falling back to 1 default profile: "default"
2025-11-25T01:18:46.550-03:00  INFO 20200 --- [servicio-agregador] [main] .s.d.r.c.RepositoryConfigurationDelegate : Bootstrapping Spring Data JPA repositories in DEFAULT mode.
2025-11-25T01:18:46.719-03:00  INFO 20200 --- [servicio-agregador] [main] .s.d.r.c.RepositoryConfigurationDelegate : Finished Spring Data repository scanning in 160 ms. Found 9 JPA repository interfaces.
2025-11-25T01:18:47.308-03:00  INFO 20200 --- [servicio-agregador] [main] o.s.b.w.embedded.tomcat.TomcatWebServer  : Tomcat initialized with port 8081 (http)
2025-11-25T01:18:47.321-03:00  INFO 20200 --- [servicio-agregador] [main] o.apache.catalina.core.StandardService   : Starting service [Tomcat]
2025-11-25T01:18:47.321-03:00  INFO 20200 --- [servicio-agregador] [main] o.apache.catalina.core.StandardEngine    : Starting Servlet engine: [Apache Tomcat/10.1.41]
2025-11-25T01:18:47.384-03:00  INFO 20200 --- [servicio-agregador] [main] o.a.c.c.C.[Tomcat].[localhost].[/]       : Initializing Spring embedded WebApplicationContext
2025-11-25T01:18:47.384-03:00  INFO 20200 --- [servicio-agregador] [main] w.s.c.ServletWebServerApplicationContext : Root WebApplicationContext: initialization completed in 1774 ms
2025-11-25T01:18:47.685-03:00  INFO 20200 --- [servicio-agregador] [main] o.hibernate.jpa.internal.util.LogHelper  : HHH000204: Processing PersistenceUnitInfo [name: default]
2025-11-25T01:18:47.772-03:00  INFO 20200 --- [servicio-agregador] [main] org.hibernate.Version                    : HHH000412: Hibernate ORM core version 6.6.15.Final
2025-11-25T01:18:47.811-03:00  INFO 20200 --- [servicio-agregador] [main] o.h.c.internal.RegionFactoryInitiator    : HHH000026: Second-level cache disabled
2025-11-25T01:18:48.103-03:00  INFO 20200 --- [servicio-agregador] [main] o.s.o.j.p.SpringPersistenceUnitInfo      : No LoadTimeWeaver setup: ignoring JPA class transformer
2025-11-25T01:18:48.138-03:00  INFO 20200 --- [servicio-agregador] [main] com.zaxxer.hikari.HikariDataSource       : HikariPool-1 - Starting...
2025-11-25T01:18:48.288-03:00  INFO 20200 --- [servicio-agregador] [main] com.zaxxer.hikari.pool.HikariPool        : HikariPool-1 - Added connection com.mysql.cj.jdbc.ConnectionImpl@4a5fab78
2025-11-25T01:18:48.291-03:00  INFO 20200 --- [servicio-agregador] [main] com.zaxxer.hikari.HikariDataSource       : HikariPool-1 - Start completed.
2025-11-25T01:18:48.345-03:00  WARN 20200 --- [servicio-agregador] [main] org.hibernate.orm.deprecation            : HHH90000025: MySQL8Dialect does not need to be specified explicitly using 'hibernate.dialect' (remove the property setting and it will be selected by default)
2025-11-25T01:18:48.347-03:00  WARN 20200 --- [servicio-agregador] [main] org.hibernate.orm.deprecation            : HHH90000026: MySQL8Dialect has been deprecated; use org.hibernate.dialect.MySQLDialect instead
2025-11-25T01:18:48.367-03:00  INFO 20200 --- [servicio-agregador] [main] org.hibernate.orm.connections.pooling    : HHH10001005: Database info:
	Database JDBC URL [Connecting through datasource 'HikariDataSource (HikariPool-1)']
	Database driver: undefined/unknown
	Database version: 8.0
	Autocommit mode: undefined/unknown
	Isolation level: undefined/unknown
	Minimum pool size: undefined/unknown
	Maximum pool size: undefined/unknown
2025-11-25T01:18:49.447-03:00  INFO 20200 --- [servicio-agregador] [main] o.h.e.t.j.p.i.JtaPlatformInitiator       : HHH000489: No JTA platform available (set 'hibernate.transaction.jta.platform' to enable JTA platform integration)
2025-11-25T01:18:49.612-03:00  INFO 20200 --- [servicio-agregador] [main] j.LocalContainerEntityManagerFactoryBean : Initialized JPA EntityManagerFactory for persistence unit 'default'
2025-11-25T01:18:49.934-03:00  INFO 20200 --- [servicio-agregador] [main] o.s.d.j.r.query.QueryEnhancerFactory     : Hibernate is in classpath; If applicable, HQL parser will be used.
2025-11-25T01:18:50.826-03:00  WARN 20200 --- [servicio-agregador] [main] JpaBaseConfiguration$JpaWebConfiguration : spring.jpa.open-in-view is enabled by default. Therefore, database queries may be performed during view rendering. Explicitly configure spring.jpa.open-in-view to disable this warning
2025-11-25T01:18:50.966-03:00  INFO 20200 --- [servicio-agregador] [main] o.s.v.b.OptionalValidatorFactoryBean     : Failed to set up a Bean Validation provider: jakarta.validation.NoProviderFoundException: Unable to create a Configuration, because no Jakarta Bean Validation provider could be found. Add a provider like Hibernate Validator (RI) to your classpath.
2025-11-25T01:18:51.494-03:00  INFO 20200 --- [servicio-agregador] [main] o.s.b.a.e.web.EndpointLinksResolver      : Exposing 6 endpoints beneath base path '/actuator'
2025-11-25T01:18:51.579-03:00  INFO 20200 --- [servicio-agregador] [main] o.s.b.w.embedded.tomcat.TomcatWebServer  : Tomcat started on port 8081 (http) with context path '/'
2025-11-25T01:18:51.595-03:00  INFO 20200 --- [servicio-agregador] [main] _.s.ServicioAgregadorApplication         : Started ServicioAgregadorApplication in 6.521 seconds (process running for 6.857)
2025-11-25T01:18:57.226-03:00  INFO 20200 --- [servicio-agregador] [http-nio-8081-exec-1] o.a.c.c.C.[Tomcat].[localhost].[/]       : Initializing Spring DispatcherServlet 'dispatcherServlet'
2025-11-25T01:18:57.227-03:00  INFO 20200 --- [servicio-agregador] [http-nio-8081-exec-1] o.s.web.servlet.DispatcherServlet        : Initializing Servlet 'dispatcherServlet'
2025-11-25T01:18:57.228-03:00  INFO 20200 --- [servicio-agregador] [http-nio-8081-exec-1] o.s.web.servlet.DispatcherServlet        : Completed initialization in 1 ms
2025-11-25T01:56:33.628-03:00  INFO 20200 --- [servicio-agregador] [SpringApplicationShutdownHook] o.s.b.w.e.tomcat.GracefulShutdown        : Commencing graceful shutdown. Waiting for active requests to complete
2025-11-25T01:56:33.688-03:00  INFO 20200 --- [servicio-agregador] [tomcat-shutdown] o.s.b.w.e.tomcat.GracefulShutdown        : Graceful shutdown complete
2025-11-25T01:56:33.707-03:00  INFO 20200 --- [servicio-agregador] [SpringApplicationShutdownHook] j.LocalContainerEntityManagerFactoryBean : Closing JPA EntityManagerFactory for persistence unit 'default'
2025-11-25T01:56:33.709-03:00  INFO 20200 --- [servicio-agregador] [SpringApplicationShutdownHook] com.zaxxer.hikari.HikariDataSource       : HikariPool-1 - Shutdown initiated...
2025-11-25T01:56:33.711-03:00  INFO 20200 --- [servicio-agregador] [SpringApplicationShutdownHook] com.zaxxer.hikari.HikariDataSource       : HikariPool-1 - Shutdown completed.
2025-11-25T01:56:40.825-03:00  INFO 11120 --- [servicio-agregador] [main] _.s.ServicioAgregadorApplication         : Starting ServicioAgregadorApplication using Java 17.0.10 with PID 11120 (D:\Facultad\Cuarto año\DDS\2025-tpa-mi-no-grupo-22\servicio-agregador\target\classes started by lucia in D:\Facultad\Cuarto año\DDS\2025-tpa-mi-no-grupo-22)
2025-11-25T01:56:40.827-03:00  INFO 11120 --- [servicio-agregador] [main] _.s.ServicioAgregadorApplication         : No active profile set, falling back to 1 default profile: "default"
2025-11-25T01:56:41.760-03:00  INFO 11120 --- [servicio-agregador] [main] .s.d.r.c.RepositoryConfigurationDelegate : Bootstrapping Spring Data JPA repositories in DEFAULT mode.
2025-11-25T01:56:41.924-03:00  INFO 11120 --- [servicio-agregador] [main] .s.d.r.c.RepositoryConfigurationDelegate : Finished Spring Data repository scanning in 154 ms. Found 9 JPA repository interfaces.
2025-11-25T01:56:42.566-03:00  INFO 11120 --- [servicio-agregador] [main] o.s.b.w.embedded.tomcat.TomcatWebServer  : Tomcat initialized with port 8081 (http)
2025-11-25T01:56:42.578-03:00  INFO 11120 --- [servicio-agregador] [main] o.apache.catalina.core.StandardService   : Starting service [Tomcat]
2025-11-25T01:56:42.579-03:00  INFO 11120 --- [servicio-agregador] [main] o.apache.catalina.core.StandardEngine    : Starting Servlet engine: [Apache Tomcat/10.1.41]
2025-11-25T01:56:42.643-03:00  INFO 11120 --- [servicio-agregador] [main] o.a.c.c.C.[Tomcat].[localhost].[/]       : Initializing Spring embedded WebApplicationContext
2025-11-25T01:56:42.644-03:00  INFO 11120 --- [servicio-agregador] [main] w.s.c.ServletWebServerApplicationContext : Root WebApplicationContext: initialization completed in 1776 ms
2025-11-25T01:56:42.935-03:00  INFO 11120 --- [servicio-agregador] [main] o.hibernate.jpa.internal.util.LogHelper  : HHH000204: Processing PersistenceUnitInfo [name: default]
2025-11-25T01:56:43.055-03:00  INFO 11120 --- [servicio-agregador] [main] org.hibernate.Version                    : HHH000412: Hibernate ORM core version 6.6.15.Final
2025-11-25T01:56:43.099-03:00  INFO 11120 --- [servicio-agregador] [main] o.h.c.internal.RegionFactoryInitiator    : HHH000026: Second-level cache disabled
2025-11-25T01:56:43.397-03:00  INFO 11120 --- [servicio-agregador] [main] o.s.o.j.p.SpringPersistenceUnitInfo      : No LoadTimeWeaver setup: ignoring JPA class transformer
2025-11-25T01:56:43.433-03:00  INFO 11120 --- [servicio-agregador] [main] com.zaxxer.hikari.HikariDataSource       : HikariPool-1 - Starting...
2025-11-25T01:56:43.593-03:00  INFO 11120 --- [servicio-agregador] [main] com.zaxxer.hikari.pool.HikariPool        : HikariPool-1 - Added connection com.mysql.cj.jdbc.ConnectionImpl@7381d6f0
2025-11-25T01:56:43.595-03:00  INFO 11120 --- [servicio-agregador] [main] com.zaxxer.hikari.HikariDataSource       : HikariPool-1 - Start completed.
2025-11-25T01:56:43.645-03:00  WARN 11120 --- [servicio-agregador] [main] org.hibernate.orm.deprecation            : HHH90000025: MySQL8Dialect does not need to be specified explicitly using 'hibernate.dialect' (remove the property setting and it will be selected by default)
2025-11-25T01:56:43.646-03:00  WARN 11120 --- [servicio-agregador] [main] org.hibernate.orm.deprecation            : HHH90000026: MySQL8Dialect has been deprecated; use org.hibernate.dialect.MySQLDialect instead
2025-11-25T01:56:43.667-03:00  INFO 11120 --- [servicio-agregador] [main] org.hibernate.orm.connections.pooling    : HHH10001005: Database info:
	Database JDBC URL [Connecting through datasource 'HikariDataSource (HikariPool-1)']
	Database driver: undefined/unknown
	Database version: 8.0
	Autocommit mode: undefined/unknown
	Isolation level: undefined/unknown
	Minimum pool size: undefined/unknown
	Maximum pool size: undefined/unknown
2025-11-25T01:56:45.669-03:00  INFO 11120 --- [servicio-agregador] [main] o.h.e.t.j.p.i.JtaPlatformInitiator       : HHH000489: No JTA platform available (set 'hibernate.transaction.jta.platform' to enable JTA platform integration)
2025-11-25T01:56:45.896-03:00  INFO 11120 --- [servicio-agregador] [main] j.LocalContainerEntityManagerFactoryBean : Initialized JPA EntityManagerFactory for persistence unit 'default'
2025-11-25T01:56:46.205-03:00  INFO 11120 --- [servicio-agregador] [main] o.s.d.j.r.query.QueryEnhancerFactory     : Hibernate is in classpath; If applicable, HQL parser will be used.
2025-11-25T01:56:47.139-03:00  WARN 11120 --- [servicio-agregador] [main] JpaBaseConfiguration$JpaWebConfiguration : spring.jpa.open-in-view is enabled by default. Therefore, database queries may be performed during view rendering. Explicitly configure spring.jpa.open-in-view to disable this warning
2025-11-25T01:56:47.284-03:00  INFO 11120 --- [servicio-agregador] [main] o.s.v.b.OptionalValidatorFactoryBean     : Failed to set up a Bean Validation provider: jakarta.validation.NoProviderFoundException: Unable to create a Configuration, because no Jakarta Bean Validation provider could be found. Add a provider like Hibernate Validator (RI) to your classpath.
2025-11-25T01:56:47.667-03:00  INFO 11120 --- [servicio-agregador] [main] efaultSchemaResourceGraphQlSourceBuilder : Loaded 1 resource(s) in the GraphQL schema.
2025-11-25T01:56:47.821-03:00  INFO 11120 --- [servicio-agregador] [main] o.s.b.a.g.GraphQlAutoConfiguration       : GraphQL schema inspection:
	Unmapped fields: {Hecho=[ubicacion]}
	Unmapped registrations: {}
	Unmapped arguments: {}
	Skipped types: []
2025-11-25T01:56:47.857-03:00  INFO 11120 --- [servicio-agregador] [main] s.b.a.g.s.GraphQlWebMvcAutoConfiguration : GraphQL endpoint HTTP POST /graphql
2025-11-25T01:56:48.269-03:00  INFO 11120 --- [servicio-agregador] [main] o.s.b.a.e.web.EndpointLinksResolver      : Exposing 6 endpoints beneath base path '/actuator'
2025-11-25T01:56:48.365-03:00  INFO 11120 --- [servicio-agregador] [main] o.s.b.w.embedded.tomcat.TomcatWebServer  : Tomcat started on port 8081 (http) with context path '/'
2025-11-25T01:56:48.381-03:00  INFO 11120 --- [servicio-agregador] [main] _.s.ServicioAgregadorApplication         : Started ServicioAgregadorApplication in 8.122 seconds (process running for 8.485)
2025-11-25T01:57:00.123-03:00  INFO 11120 --- [servicio-agregador] [http-nio-8081-exec-3] o.a.c.c.C.[Tomcat].[localhost].[/]       : Initializing Spring DispatcherServlet 'dispatcherServlet'
2025-11-25T01:57:00.124-03:00  INFO 11120 --- [servicio-agregador] [http-nio-8081-exec-3] o.s.web.servlet.DispatcherServlet        : Initializing Servlet 'dispatcherServlet'
2025-11-25T01:57:00.125-03:00  INFO 11120 --- [servicio-agregador] [http-nio-8081-exec-3] o.s.web.servlet.DispatcherServlet        : Completed initialization in 1 ms
2025-11-25T01:57:35.039-03:00  INFO 11120 --- [servicio-agregador] [SpringApplicationShutdownHook] o.s.b.w.e.tomcat.GracefulShutdown        : Commencing graceful shutdown. Waiting for active requests to complete
2025-11-25T01:57:35.101-03:00  INFO 11120 --- [servicio-agregador] [tomcat-shutdown] o.s.b.w.e.tomcat.GracefulShutdown        : Graceful shutdown complete
2025-11-25T01:57:35.116-03:00  INFO 11120 --- [servicio-agregador] [SpringApplicationShutdownHook] j.LocalContainerEntityManagerFactoryBean : Closing JPA EntityManagerFactory for persistence unit 'default'
2025-11-25T01:57:35.118-03:00  INFO 11120 --- [servicio-agregador] [SpringApplicationShutdownHook] com.zaxxer.hikari.HikariDataSource       : HikariPool-1 - Shutdown initiated...
2025-11-25T01:57:35.124-03:00  INFO 11120 --- [servicio-agregador] [SpringApplicationShutdownHook] com.zaxxer.hikari.HikariDataSource       : HikariPool-1 - Shutdown completed.
2025-11-25T01:57:36.736-03:00  INFO 16260 --- [servicio-agregador] [main] _.s.ServicioAgregadorApplication         : Starting ServicioAgregadorApplication using Java 17.0.10 with PID 16260 (D:\Facultad\Cuarto año\DDS\2025-tpa-mi-no-grupo-22\servicio-agregador\target\classes started by lucia in D:\Facultad\Cuarto año\DDS\2025-tpa-mi-no-grupo-22)
2025-11-25T01:57:36.739-03:00  INFO 16260 --- [servicio-agregador] [main] _.s.ServicioAgregadorApplication         : No active profile set, falling back to 1 default profile: "default"
2025-11-25T01:57:37.670-03:00  INFO 16260 --- [servicio-agregador] [main] .s.d.r.c.RepositoryConfigurationDelegate : Bootstrapping Spring Data JPA repositories in DEFAULT mode.
2025-11-25T01:57:37.840-03:00  INFO 16260 --- [servicio-agregador] [main] .s.d.r.c.RepositoryConfigurationDelegate : Finished Spring Data repository scanning in 160 ms. Found 9 JPA repository interfaces.
2025-11-25T01:57:38.401-03:00  INFO 16260 --- [servicio-agregador] [main] o.s.b.w.embedded.tomcat.TomcatWebServer  : Tomcat initialized with port 8081 (http)
2025-11-25T01:57:38.412-03:00  INFO 16260 --- [servicio-agregador] [main] o.apache.catalina.core.StandardService   : Starting service [Tomcat]
2025-11-25T01:57:38.412-03:00  INFO 16260 --- [servicio-agregador] [main] o.apache.catalina.core.StandardEngine    : Starting Servlet engine: [Apache Tomcat/10.1.41]
2025-11-25T01:57:38.464-03:00  INFO 16260 --- [servicio-agregador] [main] o.a.c.c.C.[Tomcat].[localhost].[/]       : Initializing Spring embedded WebApplicationContext
2025-11-25T01:57:38.464-03:00  INFO 16260 --- [servicio-agregador] [main] w.s.c.ServletWebServerApplicationContext : Root WebApplicationContext: initialization completed in 1678 ms
2025-11-25T01:57:38.716-03:00  INFO 16260 --- [servicio-agregador] [main] o.hibernate.jpa.internal.util.LogHelper  : HHH000204: Processing PersistenceUnitInfo [name: default]
2025-11-25T01:57:38.767-03:00  INFO 16260 --- [servicio-agregador] [main] org.hibernate.Version                    : HHH000412: Hibernate ORM core version 6.6.15.Final
2025-11-25T01:57:38.797-03:00  INFO 16260 --- [servicio-agregador] [main] o.h.c.internal.RegionFactoryInitiator    : HHH000026: Second-level cache disabled
2025-11-25T01:57:39.038-03:00  INFO 16260 --- [servicio-agregador] [main] o.s.o.j.p.SpringPersistenceUnitInfo      : No LoadTimeWeaver setup: ignoring JPA class transformer
2025-11-25T01:57:39.067-03:00  INFO 16260 --- [servicio-agregador] [main] com.zaxxer.hikari.HikariDataSource       : HikariPool-1 - Starting...
2025-11-25T01:57:39.204-03:00  INFO 16260 --- [servicio-agregador] [main] com.zaxxer.hikari.pool.HikariPool        : HikariPool-1 - Added connection com.mysql.cj.jdbc.ConnectionImpl@2f262474
2025-11-25T01:57:39.205-03:00  INFO 16260 --- [servicio-agregador] [main] com.zaxxer.hikari.HikariDataSource       : HikariPool-1 - Start completed.
2025-11-25T01:57:39.244-03:00  WARN 16260 --- [servicio-agregador] [main] org.hibernate.orm.deprecation            : HHH90000025: MySQL8Dialect does not need to be specified explicitly using 'hibernate.dialect' (remove the property setting and it will be selected by default)
2025-11-25T01:57:39.245-03:00  WARN 16260 --- [servicio-agregador] [main] org.hibernate.orm.deprecation            : HHH90000026: MySQL8Dialect has been deprecated; use org.hibernate.dialect.MySQLDialect instead
2025-11-25T01:57:39.262-03:00  INFO 16260 --- [servicio-agregador] [main] org.hibernate.orm.connections.pooling    : HHH10001005: Database info:
	Database JDBC URL [Connecting through datasource 'HikariDataSource (HikariPool-1)']
	Database driver: undefined/unknown
	Database version: 8.0
	Autocommit mode: undefined/unknown
	Isolation level: undefined/unknown
	Minimum pool size: undefined/unknown
	Maximum pool size: undefined/unknown
2025-11-25T01:57:40.151-03:00  INFO 16260 --- [servicio-agregador] [main] o.h.e.t.j.p.i.JtaPlatformInitiator       : HHH000489: No JTA platform available (set 'hibernate.transaction.jta.platform' to enable JTA platform integration)
2025-11-25T01:57:40.309-03:00  INFO 16260 --- [servicio-agregador] [main] j.LocalContainerEntityManagerFactoryBean : Initialized JPA EntityManagerFactory for persistence unit 'default'
2025-11-25T01:57:40.606-03:00  INFO 16260 --- [servicio-agregador] [main] o.s.d.j.r.query.QueryEnhancerFactory     : Hibernate is in classpath; If applicable, HQL parser will be used.
2025-11-25T01:57:41.436-03:00  WARN 16260 --- [servicio-agregador] [main] JpaBaseConfiguration$JpaWebConfiguration : spring.jpa.open-in-view is enabled by default. Therefore, database queries may be performed during view rendering. Explicitly configure spring.jpa.open-in-view to disable this warning
2025-11-25T01:57:41.573-03:00  INFO 16260 --- [servicio-agregador] [main] o.s.v.b.OptionalValidatorFactoryBean     : Failed to set up a Bean Validation provider: jakarta.validation.NoProviderFoundException: Unable to create a Configuration, because no Jakarta Bean Validation provider could be found. Add a provider like Hibernate Validator (RI) to your classpath.
2025-11-25T01:57:41.890-03:00  INFO 16260 --- [servicio-agregador] [main] efaultSchemaResourceGraphQlSourceBuilder : Loaded 1 resource(s) in the GraphQL schema.
2025-11-25T01:57:42.044-03:00  INFO 16260 --- [servicio-agregador] [main] o.s.b.a.g.GraphQlAutoConfiguration       : GraphQL schema inspection:
	Unmapped fields: {Hecho=[ubicacion]}
	Unmapped registrations: {}
	Unmapped arguments: {}
	Skipped types: []
2025-11-25T01:57:42.063-03:00  INFO 16260 --- [servicio-agregador] [main] s.b.a.g.s.GraphQlWebMvcAutoConfiguration : GraphQL endpoint HTTP POST /graphql
2025-11-25T01:57:42.431-03:00  INFO 16260 --- [servicio-agregador] [main] o.s.b.a.e.web.EndpointLinksResolver      : Exposing 6 endpoints beneath base path '/actuator'
2025-11-25T01:57:42.500-03:00  INFO 16260 --- [servicio-agregador] [main] o.s.b.w.embedded.tomcat.TomcatWebServer  : Tomcat started on port 8081 (http) with context path '/'
2025-11-25T01:57:42.514-03:00  INFO 16260 --- [servicio-agregador] [main] _.s.ServicioAgregadorApplication         : Started ServicioAgregadorApplication in 6.293 seconds (process running for 6.625)
2025-11-25T01:57:48.722-03:00  INFO 16260 --- [servicio-agregador] [http-nio-8081-exec-1] o.a.c.c.C.[Tomcat].[localhost].[/]       : Initializing Spring DispatcherServlet 'dispatcherServlet'
2025-11-25T01:57:48.722-03:00  INFO 16260 --- [servicio-agregador] [http-nio-8081-exec-1] o.s.web.servlet.DispatcherServlet        : Initializing Servlet 'dispatcherServlet'
2025-11-25T01:57:48.723-03:00  INFO 16260 --- [servicio-agregador] [http-nio-8081-exec-1] o.s.web.servlet.DispatcherServlet        : Completed initialization in 1 ms
2025-11-25T02:01:11.374-03:00  INFO 16260 --- [servicio-agregador] [SpringApplicationShutdownHook] o.s.b.w.e.tomcat.GracefulShutdown        : Commencing graceful shutdown. Waiting for active requests to complete
2025-11-25T02:01:11.433-03:00  INFO 16260 --- [servicio-agregador] [tomcat-shutdown] o.s.b.w.e.tomcat.GracefulShutdown        : Graceful shutdown complete
2025-11-25T02:01:13.525-03:00  INFO 16260 --- [servicio-agregador] [SpringApplicationShutdownHook] j.LocalContainerEntityManagerFactoryBean : Closing JPA EntityManagerFactory for persistence unit 'default'
2025-11-25T02:01:13.527-03:00  INFO 16260 --- [servicio-agregador] [SpringApplicationShutdownHook] com.zaxxer.hikari.HikariDataSource       : HikariPool-1 - Shutdown initiated...
2025-11-25T02:01:13.532-03:00  INFO 16260 --- [servicio-agregador] [SpringApplicationShutdownHook] com.zaxxer.hikari.HikariDataSource       : HikariPool-1 - Shutdown completed.
2025-11-25T02:01:16.251-03:00  INFO 21304 --- [servicio-agregador] [main] _.s.ServicioAgregadorApplication         : Starting ServicioAgregadorApplication using Java 17.0.10 with PID 21304 (D:\Facultad\Cuarto año\DDS\2025-tpa-mi-no-grupo-22\servicio-agregador\target\classes started by lucia in D:\Facultad\Cuarto año\DDS\2025-tpa-mi-no-grupo-22)
2025-11-25T02:01:16.253-03:00  INFO 21304 --- [servicio-agregador] [main] _.s.ServicioAgregadorApplication         : No active profile set, falling back to 1 default profile: "default"
2025-11-25T02:01:17.187-03:00  INFO 21304 --- [servicio-agregador] [main] .s.d.r.c.RepositoryConfigurationDelegate : Bootstrapping Spring Data JPA repositories in DEFAULT mode.
2025-11-25T02:01:17.368-03:00  INFO 21304 --- [servicio-agregador] [main] .s.d.r.c.RepositoryConfigurationDelegate : Finished Spring Data repository scanning in 169 ms. Found 9 JPA repository interfaces.
2025-11-25T02:01:17.931-03:00  INFO 21304 --- [servicio-agregador] [main] o.s.b.w.embedded.tomcat.TomcatWebServer  : Tomcat initialized with port 8081 (http)
2025-11-25T02:01:17.941-03:00  INFO 21304 --- [servicio-agregador] [main] o.apache.catalina.core.StandardService   : Starting service [Tomcat]
2025-11-25T02:01:17.941-03:00  INFO 21304 --- [servicio-agregador] [main] o.apache.catalina.core.StandardEngine    : Starting Servlet engine: [Apache Tomcat/10.1.41]
2025-11-25T02:01:17.999-03:00  INFO 21304 --- [servicio-agregador] [main] o.a.c.c.C.[Tomcat].[localhost].[/]       : Initializing Spring embedded WebApplicationContext
2025-11-25T02:01:17.999-03:00  INFO 21304 --- [servicio-agregador] [main] w.s.c.ServletWebServerApplicationContext : Root WebApplicationContext: initialization completed in 1697 ms
2025-11-25T02:01:18.250-03:00  INFO 21304 --- [servicio-agregador] [main] o.hibernate.jpa.internal.util.LogHelper  : HHH000204: Processing PersistenceUnitInfo [name: default]
2025-11-25T02:01:18.299-03:00  INFO 21304 --- [servicio-agregador] [main] org.hibernate.Version                    : HHH000412: Hibernate ORM core version 6.6.15.Final
2025-11-25T02:01:18.324-03:00  INFO 21304 --- [servicio-agregador] [main] o.h.c.internal.RegionFactoryInitiator    : HHH000026: Second-level cache disabled
2025-11-25T02:01:18.577-03:00  INFO 21304 --- [servicio-agregador] [main] o.s.o.j.p.SpringPersistenceUnitInfo      : No LoadTimeWeaver setup: ignoring JPA class transformer
2025-11-25T02:01:18.603-03:00  INFO 21304 --- [servicio-agregador] [main] com.zaxxer.hikari.HikariDataSource       : HikariPool-1 - Starting...
2025-11-25T02:01:18.733-03:00  INFO 21304 --- [servicio-agregador] [main] com.zaxxer.hikari.pool.HikariPool        : HikariPool-1 - Added connection com.mysql.cj.jdbc.ConnectionImpl@7381d6f0
2025-11-25T02:01:18.735-03:00  INFO 21304 --- [servicio-agregador] [main] com.zaxxer.hikari.HikariDataSource       : HikariPool-1 - Start completed.
2025-11-25T02:01:18.768-03:00  WARN 21304 --- [servicio-agregador] [main] org.hibernate.orm.deprecation            : HHH90000025: MySQL8Dialect does not need to be specified explicitly using 'hibernate.dialect' (remove the property setting and it will be selected by default)
2025-11-25T02:01:18.769-03:00  WARN 21304 --- [servicio-agregador] [main] org.hibernate.orm.deprecation            : HHH90000026: MySQL8Dialect has been deprecated; use org.hibernate.dialect.MySQLDialect instead
2025-11-25T02:01:18.788-03:00  INFO 21304 --- [servicio-agregador] [main] org.hibernate.orm.connections.pooling    : HHH10001005: Database info:
	Database JDBC URL [Connecting through datasource 'HikariDataSource (HikariPool-1)']
	Database driver: undefined/unknown
	Database version: 8.0
	Autocommit mode: undefined/unknown
	Isolation level: undefined/unknown
	Minimum pool size: undefined/unknown
	Maximum pool size: undefined/unknown
2025-11-25T02:01:19.671-03:00  INFO 21304 --- [servicio-agregador] [main] o.h.e.t.j.p.i.JtaPlatformInitiator       : HHH000489: No JTA platform available (set 'hibernate.transaction.jta.platform' to enable JTA platform integration)
2025-11-25T02:01:19.828-03:00  INFO 21304 --- [servicio-agregador] [main] j.LocalContainerEntityManagerFactoryBean : Initialized JPA EntityManagerFactory for persistence unit 'default'
2025-11-25T02:01:20.117-03:00  INFO 21304 --- [servicio-agregador] [main] o.s.d.j.r.query.QueryEnhancerFactory     : Hibernate is in classpath; If applicable, HQL parser will be used.
2025-11-25T02:01:21.011-03:00  WARN 21304 --- [servicio-agregador] [main] JpaBaseConfiguration$JpaWebConfiguration : spring.jpa.open-in-view is enabled by default. Therefore, database queries may be performed during view rendering. Explicitly configure spring.jpa.open-in-view to disable this warning
2025-11-25T02:01:21.137-03:00  INFO 21304 --- [servicio-agregador] [main] o.s.v.b.OptionalValidatorFactoryBean     : Failed to set up a Bean Validation provider: jakarta.validation.NoProviderFoundException: Unable to create a Configuration, because no Jakarta Bean Validation provider could be found. Add a provider like Hibernate Validator (RI) to your classpath.
2025-11-25T02:01:21.440-03:00  INFO 21304 --- [servicio-agregador] [main] efaultSchemaResourceGraphQlSourceBuilder : Loaded 1 resource(s) in the GraphQL schema.
2025-11-25T02:01:21.593-03:00  INFO 21304 --- [servicio-agregador] [main] o.s.b.a.g.GraphQlAutoConfiguration       : GraphQL schema inspection:
	Unmapped fields: {Hecho=[ubicacion]}
	Unmapped registrations: {}
	Unmapped arguments: {}
	Skipped types: []
2025-11-25T02:01:21.617-03:00  INFO 21304 --- [servicio-agregador] [main] s.b.a.g.s.GraphQlWebMvcAutoConfiguration : GraphQL endpoint HTTP POST /graphql
2025-11-25T02:01:21.954-03:00  INFO 21304 --- [servicio-agregador] [main] o.s.b.a.e.web.EndpointLinksResolver      : Exposing 6 endpoints beneath base path '/actuator'
2025-11-25T02:01:22.023-03:00  INFO 21304 --- [servicio-agregador] [main] o.s.b.w.embedded.tomcat.TomcatWebServer  : Tomcat started on port 8081 (http) with context path '/'
2025-11-25T02:01:22.037-03:00  INFO 21304 --- [servicio-agregador] [main] _.s.ServicioAgregadorApplication         : Started ServicioAgregadorApplication in 6.271 seconds (process running for 6.59)
2025-11-25T02:01:26.176-03:00  INFO 21304 --- [servicio-agregador] [http-nio-8081-exec-1] o.a.c.c.C.[Tomcat].[localhost].[/]       : Initializing Spring DispatcherServlet 'dispatcherServlet'
2025-11-25T02:01:26.176-03:00  INFO 21304 --- [servicio-agregador] [http-nio-8081-exec-1] o.s.web.servlet.DispatcherServlet        : Initializing Servlet 'dispatcherServlet'
2025-11-25T02:01:26.177-03:00  INFO 21304 --- [servicio-agregador] [http-nio-8081-exec-1] o.s.web.servlet.DispatcherServlet        : Completed initialization in 1 ms
2025-11-25T02:03:34.874-03:00  INFO 21304 --- [servicio-agregador] [SpringApplicationShutdownHook] o.s.b.w.e.tomcat.GracefulShutdown        : Commencing graceful shutdown. Waiting for active requests to complete
2025-11-25T02:03:34.939-03:00  INFO 21304 --- [servicio-agregador] [tomcat-shutdown] o.s.b.w.e.tomcat.GracefulShutdown        : Graceful shutdown complete
2025-11-25T02:03:34.950-03:00  INFO 21304 --- [servicio-agregador] [SpringApplicationShutdownHook] j.LocalContainerEntityManagerFactoryBean : Closing JPA EntityManagerFactory for persistence unit 'default'
2025-11-25T02:03:34.952-03:00  INFO 21304 --- [servicio-agregador] [SpringApplicationShutdownHook] com.zaxxer.hikari.HikariDataSource       : HikariPool-1 - Shutdown initiated...
2025-11-25T02:03:34.957-03:00  INFO 21304 --- [servicio-agregador] [SpringApplicationShutdownHook] com.zaxxer.hikari.HikariDataSource       : HikariPool-1 - Shutdown completed.
